#
# There is insufficient memory for the Java Runtime Environment to continue.
# Native memory allocation (malloc) failed to allocate 840352 bytes for Chunk::new
# Possible reasons:
#   The system is out of physical RAM or swap space
#   In 32 bit mode, the process size limit was hit
# Possible solutions:
#   Reduce memory load on the system
#   Increase physical memory or swap space
#   Check if swap backing store is full
#   Use 64 bit Java on a 64 bit OS
#   Decrease Java heap size (-Xmx/-Xms)
#   Decrease number of Java threads
#   Decrease Java thread stack sizes (-Xss)
#   Set larger code cache with -XX:ReservedCodeCacheSize=
# This output file may be truncated or incomplete.
#
#  Out of Memory Error (allocation.cpp:390), pid=42192, tid=0x00000000000093a4
#
# JRE version: Java(TM) SE Runtime Environment (8.0_121-b13) (build 1.8.0_121-b13)
# Java VM: Java HotSpot(TM) 64-Bit Server VM (25.121-b13 mixed mode windows-amd64 compressed oops)
# Failed to write core dump. Minidumps are not enabled by default on client versions of Windows
#

---------------  T H R E A D  ---------------

Current thread (0x0000000018403000):  JavaThread "C2 CompilerThread0" daemon [_thread_in_native, id=37796, stack(0x0000000019a70000,0x0000000019b70000)]

Stack: [0x0000000019a70000,0x0000000019b70000]
[error occurred during error reporting (printing stack bounds), id 0xc0000005]

Native frames: (J=compiled Java code, j=interpreted, Vv=VM code, C=native code)


Current CompileTask:
C2:   8638 4536       4       org.springframework.core.annotation.AnnotatedElementUtils::searchWithGetSemanticsInAnnotations (342 bytes)


---------------  P R O C E S S  ---------------

Java Threads: ( => current thread )
  0x000000001d309800 JavaThread "SimplePauseDetectorThread_0" daemon [_thread_blocked, id=27356, stack(0x00000000210f0000,0x00000000211f0000)]
  0x000000001d308800 JavaThread "Thread-2" daemon [_thread_blocked, id=43944, stack(0x0000000020ff0000,0x00000000210f0000)]
  0x000000001d308000 JavaThread "CleanCursors-1-thread-1" daemon [_thread_blocked, id=30636, stack(0x0000000020bf0000,0x0000000020cf0000)]
  0x000000001d306800 JavaThread "cluster-ClusterId{value='5c5959216e761fa4d0115962', description='null'}-localhost:27017" daemon [_thread_blocked, id=24700, stack(0x0000000020af0000,0x0000000020bf0000)]
  0x000000001a545800 JavaThread "ReaderThread" [_thread_in_native, id=47672, stack(0x000000001ab70000,0x000000001ac70000)]
  0x0000000019d98800 JavaThread "Service Thread" daemon [_thread_blocked, id=38316, stack(0x000000001a170000,0x000000001a270000)]
  0x000000001840b800 JavaThread "C1 CompilerThread2" daemon [_thread_blocked, id=8340, stack(0x0000000019c70000,0x0000000019d70000)]
  0x0000000018406000 JavaThread "C2 CompilerThread1" daemon [_thread_in_native, id=10612, stack(0x0000000019b70000,0x0000000019c70000)]
=>0x0000000018403000 JavaThread "C2 CompilerThread0" daemon [_thread_in_native, id=37796, stack(0x0000000019a70000,0x0000000019b70000)]
  0x0000000018401800 JavaThread "Attach Listener" daemon [_thread_blocked, id=11300, stack(0x0000000019970000,0x0000000019a70000)]
  0x0000000018400800 JavaThread "Signal Dispatcher" daemon [_thread_blocked, id=47484, stack(0x0000000019870000,0x0000000019970000)]
  0x00000000183ea800 JavaThread "Finalizer" daemon [_thread_blocked, id=8096, stack(0x0000000019680000,0x0000000019780000)]
  0x00000000037d4000 JavaThread "Reference Handler" daemon [_thread_blocked, id=34628, stack(0x0000000019580000,0x0000000019680000)]
  0x00000000036e5000 JavaThread "main" [_thread_in_native, id=4660, stack(0x00000000035e0000,0x00000000036e0000)]

Other Threads:
  0x00000000183c7800 VMThread [stack: 0x0000000019480000,0x0000000019580000] [id=41140]
  0x0000000019e18800 WatcherThread [stack: 0x000000001a270000,0x000000001a370000] [id=35452]

VM state:not at safepoint (normal execution)

VM Mutex/Monitor currently owned by a thread: None

Heap:
 PSYoungGen      total 221184K, used 28387K [0x00000000d5580000, 0x00000000e4f00000, 0x0000000100000000)
  eden space 205824K, 7% used [0x00000000d5580000,0x00000000d64fde28,0x00000000e1e80000)
  from space 15360K, 81% used [0x00000000e1e80000,0x00000000e2abb080,0x00000000e2d80000)
  to   space 11776K, 0% used [0x00000000e2d80000,0x00000000e2d80000,0x00000000e3900000)
 ParOldGen       total 79872K, used 19680K [0x0000000080000000, 0x0000000084e00000, 0x00000000d5580000)
  object space 79872K, 24% used [0x0000000080000000,0x0000000081338058,0x0000000084e00000)
 Metaspace       used 42781K, capacity 44908K, committed 45096K, reserved 1087488K
  class space    used 5710K, capacity 6069K, committed 6192K, reserved 1048576K

Card table byte_map: [0x0000000012ba0000,0x0000000012fb0000] byte_map_base: 0x00000000127a0000

Marking Bits: (ParMarkBitMap*) 0x000000007591b6d0
 Begin Bits: [0x0000000013660000, 0x0000000015660000)
 End Bits:   [0x0000000015660000, 0x0000000017660000)

Polling page: 0x00000000033d0000

CodeCache: size=245760Kb used=15159Kb max_used=15621Kb free=230600Kb
 bounds [0x00000000037e0000, 0x0000000004760000, 0x00000000127e0000]
 total_blobs=4498 nmethods=4050 adapters=360
 compilation: enabled

Compilation events (10 events):
Event: 8.597 Thread 0x000000001840b800 4583       3       java.util.LinkedHashMap::afterNodeRemoval (65 bytes)
Event: 8.597 Thread 0x000000001840b800 nmethod 4583 0x0000000003d9bb90 code [0x0000000003d9bd00, 0x0000000003d9c090]
Event: 8.605 Thread 0x000000001840b800 4585       3       org.springframework.cglib.core.AbstractClassGenerator::getClassLoader (53 bytes)
Event: 8.607 Thread 0x000000001840b800 nmethod 4585 0x000000000425b250 code [0x000000000425b500, 0x000000000425cb78]
Event: 8.628 Thread 0x000000001840b800 4587       3       java.util.concurrent.locks.AbstractQueuedSynchronizer::release (33 bytes)
Event: 8.628 Thread 0x000000001840b800 nmethod 4587 0x00000000041a5390 code [0x00000000041a5500, 0x00000000041a5818]
Event: 8.630 Thread 0x000000001840b800 4588   !   3       com.sun.proxy.$Proxy69::hashCode (32 bytes)
Event: 8.631 Thread 0x000000001840b800 nmethod 4588 0x0000000004220090 code [0x0000000004220220, 0x00000000042206f8]
Event: 8.631 Thread 0x000000001840b800 4589       3       java.util.ArrayList::contains (14 bytes)
Event: 8.631 Thread 0x000000001840b800 nmethod 4589 0x0000000003d66410 code [0x0000000003d66580, 0x0000000003d667e8]

GC Heap History (10 events):
Event: 3.015 GC heap before
{Heap before GC invocations=7 (full 1):
 PSYoungGen      total 71680K, used 66560K [0x00000000d5580000, 0x00000000de780000, 0x0000000100000000)
  eden space 66560K, 100% used [0x00000000d5580000,0x00000000d9680000,0x00000000d9680000)
  from space 5120K, 0% used [0x00000000d9680000,0x00000000d9680000,0x00000000d9b80000)
  to   space 8192K, 0% used [0x00000000ddf80000,0x00000000ddf80000,0x00000000de780000)
 ParOldGen       total 49152K, used 6540K [0x0000000080000000, 0x0000000083000000, 0x00000000d5580000)
  object space 49152K, 13% used [0x0000000080000000,0x0000000080663090,0x0000000083000000)
 Metaspace       used 23926K, capacity 24574K, committed 24880K, reserved 1071104K
  class space    used 3114K, capacity 3288K, committed 3376K, reserved 1048576K
Event: 3.024 GC heap after
Heap after GC invocations=7 (full 1):
 PSYoungGen      total 123904K, used 4449K [0x00000000d5580000, 0x00000000de400000, 0x0000000100000000)
  eden space 119296K, 0% used [0x00000000d5580000,0x00000000d5580000,0x00000000dca00000)
  from space 4608K, 96% used [0x00000000ddf80000,0x00000000de3d8430,0x00000000de400000)
  to   space 8192K, 0% used [0x00000000dd400000,0x00000000dd400000,0x00000000ddc00000)
 ParOldGen       total 49152K, used 6548K [0x0000000080000000, 0x0000000083000000, 0x00000000d5580000)
  object space 49152K, 13% used [0x0000000080000000,0x0000000080665090,0x0000000083000000)
 Metaspace       used 23926K, capacity 24574K, committed 24880K, reserved 1071104K
  class space    used 3114K, capacity 3288K, committed 3376K, reserved 1048576K
}
Event: 4.645 GC heap before
{Heap before GC invocations=8 (full 1):
 PSYoungGen      total 123904K, used 123745K [0x00000000d5580000, 0x00000000de400000, 0x0000000100000000)
  eden space 119296K, 100% used [0x00000000d5580000,0x00000000dca00000,0x00000000dca00000)
  from space 4608K, 96% used [0x00000000ddf80000,0x00000000de3d8430,0x00000000de400000)
  to   space 8192K, 0% used [0x00000000dd400000,0x00000000dd400000,0x00000000ddc00000)
 ParOldGen       total 49152K, used 6548K [0x0000000080000000, 0x0000000083000000, 0x00000000d5580000)
  object space 49152K, 13% used [0x0000000080000000,0x0000000080665090,0x0000000083000000)
 Metaspace       used 30689K, capacity 31796K, committed 31920K, reserved 1077248K
  class space    used 4031K, capacity 4267K, committed 4272K, reserved 1048576K
Event: 4.670 GC heap after
Heap after GC invocations=8 (full 1):
 PSYoungGen      total 137728K, used 8176K [0x00000000d5580000, 0x00000000e3900000, 0x0000000100000000)
  eden space 129536K, 0% used [0x00000000d5580000,0x00000000d5580000,0x00000000dd400000)
  from space 8192K, 99% used [0x00000000dd400000,0x00000000ddbfc348,0x00000000ddc00000)
  to   space 11776K, 0% used [0x00000000e2d80000,0x00000000e2d80000,0x00000000e3900000)
 ParOldGen       total 49152K, used 11819K [0x0000000080000000, 0x0000000083000000, 0x00000000d5580000)
  object space 49152K, 24% used [0x0000000080000000,0x0000000080b8aff0,0x0000000083000000)
 Metaspace       used 30689K, capacity 31796K, committed 31920K, reserved 1077248K
  class space    used 4031K, capacity 4267K, committed 4272K, reserved 1048576K
}
Event: 5.559 GC heap before
{Heap before GC invocations=9 (full 1):
 PSYoungGen      total 137728K, used 69909K [0x00000000d5580000, 0x00000000e3900000, 0x0000000100000000)
  eden space 129536K, 47% used [0x00000000d5580000,0x00000000d91c9350,0x00000000dd400000)
  from space 8192K, 99% used [0x00000000dd400000,0x00000000ddbfc348,0x00000000ddc00000)
  to   space 11776K, 0% used [0x00000000e2d80000,0x00000000e2d80000,0x00000000e3900000)
 ParOldGen       total 49152K, used 11819K [0x0000000080000000, 0x0000000083000000, 0x00000000d5580000)
  object space 49152K, 24% used [0x0000000080000000,0x0000000080b8aff0,0x0000000083000000)
 Metaspace       used 33997K, capacity 35478K, committed 35496K, reserved 1079296K
  class space    used 4490K, capacity 4766K, committed 4784K, reserved 1048576K
Event: 5.584 GC heap after
Heap after GC invocations=9 (full 1):
 PSYoungGen      total 217600K, used 11768K [0x00000000d5580000, 0x00000000e4f00000, 0x0000000100000000)
  eden space 205824K, 0% used [0x00000000d5580000,0x00000000d5580000,0x00000000e1e80000)
  from space 11776K, 99% used [0x00000000e2d80000,0x00000000e38fe1f8,0x00000000e3900000)
  to   space 15360K, 0% used [0x00000000e1e80000,0x00000000e1e80000,0x00000000e2d80000)
 ParOldGen       total 49152K, used 15604K [0x0000000080000000, 0x0000000083000000, 0x00000000d5580000)
  object space 49152K, 31% used [0x0000000080000000,0x0000000080f3d0f8,0x0000000083000000)
 Metaspace       used 33997K, capacity 35478K, committed 35496K, reserved 1079296K
  class space    used 4490K, capacity 4766K, committed 4784K, reserved 1048576K
}
Event: 5.584 GC heap before
{Heap before GC invocations=10 (full 2):
 PSYoungGen      total 217600K, used 11768K [0x00000000d5580000, 0x00000000e4f00000, 0x0000000100000000)
  eden space 205824K, 0% used [0x00000000d5580000,0x00000000d5580000,0x00000000e1e80000)
  from space 11776K, 99% used [0x00000000e2d80000,0x00000000e38fe1f8,0x00000000e3900000)
  to   space 15360K, 0% used [0x00000000e1e80000,0x00000000e1e80000,0x00000000e2d80000)
 ParOldGen       total 49152K, used 15604K [0x0000000080000000, 0x0000000083000000, 0x00000000d5580000)
  object space 49152K, 31% used [0x0000000080000000,0x0000000080f3d0f8,0x0000000083000000)
 Metaspace       used 33997K, capacity 35478K, committed 35496K, reserved 1079296K
  class space    used 4490K, capacity 4766K, committed 4784K, reserved 1048576K
Event: 5.673 GC heap after
Heap after GC invocations=10 (full 2):
 PSYoungGen      total 217600K, used 0K [0x00000000d5580000, 0x00000000e4f00000, 0x0000000100000000)
  eden space 205824K, 0% used [0x00000000d5580000,0x00000000d5580000,0x00000000e1e80000)
  from space 11776K, 0% used [0x00000000e2d80000,0x00000000e2d80000,0x00000000e3900000)
  to   space 15360K, 0% used [0x00000000e1e80000,0x00000000e1e80000,0x00000000e2d80000)
 ParOldGen       total 79872K, used 19672K [0x0000000080000000, 0x0000000084e00000, 0x00000000d5580000)
  object space 79872K, 24% used [0x0000000080000000,0x0000000081336058,0x0000000084e00000)
 Metaspace       used 33997K, capacity 35478K, committed 35496K, reserved 1079296K
  class space    used 4490K, capacity 4766K, committed 4784K, reserved 1048576K
}
Event: 8.486 GC heap before
{Heap before GC invocations=11 (full 2):
 PSYoungGen      total 217600K, used 205824K [0x00000000d5580000, 0x00000000e4f00000, 0x0000000100000000)
  eden space 205824K, 100% used [0x00000000d5580000,0x00000000e1e80000,0x00000000e1e80000)
  from space 11776K, 0% used [0x00000000e2d80000,0x00000000e2d80000,0x00000000e3900000)
  to   space 15360K, 0% used [0x00000000e1e80000,0x00000000e1e80000,0x00000000e2d80000)
 ParOldGen       total 79872K, used 19672K [0x0000000080000000, 0x0000000084e00000, 0x00000000d5580000)
  object space 79872K, 24% used [0x0000000080000000,0x0000000081336058,0x0000000084e00000)
 Metaspace       used 42396K, capacity 44474K, committed 44712K, reserved 1087488K
  class space    used 5652K, capacity 6018K, committed 6064K, reserved 1048576K
Event: 8.508 GC heap after
Heap after GC invocations=11 (full 2):
 PSYoungGen      total 221184K, used 12524K [0x00000000d5580000, 0x00000000e4f00000, 0x0000000100000000)
  eden space 205824K, 0% used [0x00000000d5580000,0x00000000d5580000,0x00000000e1e80000)
  from space 15360K, 81% used [0x00000000e1e80000,0x00000000e2abb080,0x00000000e2d80000)
  to   space 11776K, 0% used [0x00000000e2d80000,0x00000000e2d80000,0x00000000e3900000)
 ParOldGen       total 79872K, used 19680K [0x0000000080000000, 0x0000000084e00000, 0x00000000d5580000)
  object space 79872K, 24% used [0x0000000080000000,0x0000000081338058,0x0000000084e00000)
 Metaspace       used 42396K, capacity 44474K, committed 44712K, reserved 1087488K
  class space    used 5652K, capacity 6018K, committed 6064K, reserved 1048576K
}

Deoptimization events (10 events):
Event: 7.876 Thread 0x00000000036e5000 Uncommon trap: reason=class_check action=maybe_recompile pc=0x000000000458a120 method=org.springframework.core.annotation.AnnotationUtils.hasPlainJavaAnnotationsOnly(Ljava/lang/Object;)Z @ 16
Event: 7.876 Thread 0x00000000036e5000 Uncommon trap: reason=class_check action=maybe_recompile pc=0x000000000458a120 method=org.springframework.core.annotation.AnnotationUtils.hasPlainJavaAnnotationsOnly(Ljava/lang/Object;)Z @ 16
Event: 7.929 Thread 0x00000000036e5000 Uncommon trap: reason=unstable_if action=reinterpret pc=0x0000000004449a74 method=java.lang.Class$MethodArray.addIfNotPresent(Ljava/lang/reflect/Method;)V @ 19
Event: 7.929 Thread 0x00000000036e5000 Uncommon trap: reason=unstable_if action=reinterpret pc=0x000000000467b768 method=org.springframework.core.BridgeMethodResolver.isBridgedCandidateFor(Ljava/lang/reflect/Method;Ljava/lang/reflect/Method;)Z @ 37
Event: 7.960 Thread 0x00000000036e5000 Uncommon trap: reason=unstable_if action=reinterpret pc=0x0000000004331dd4 method=org.springframework.util.ConcurrentReferenceHashMap$Segment.clear()V @ 4
Event: 7.996 Thread 0x00000000036e5000 Uncommon trap: reason=class_check action=maybe_recompile pc=0x00000000043364e8 method=org.springframework.util.ConcurrentReferenceHashMap$Segment.findInChain(Lorg/springframework/util/ConcurrentReferenceHashMap$Reference;Ljava/lang/Object;I)Lorg/springfra
Event: 8.080 Thread 0x00000000036e5000 Uncommon trap: reason=unstable_if action=reinterpret pc=0x0000000003d7f5cc method=org.springframework.core.BridgeMethodResolver.isBridgedCandidateFor(Ljava/lang/reflect/Method;Ljava/lang/reflect/Method;)Z @ 37
Event: 8.298 Thread 0x00000000036e5000 Uncommon trap: reason=null_check action=make_not_entrant pc=0x000000000406c630 method=org.springframework.core.annotation.AnnotatedElementUtils.searchWithGetSemanticsInAnnotations(Ljava/lang/reflect/AnnotatedElement;Ljava/util/List;Ljava/util/Set;Ljava/la
Event: 8.368 Thread 0x00000000036e5000 Uncommon trap: reason=unstable_if action=reinterpret pc=0x0000000003da5edc method=java.util.LinkedHashMap.afterNodeInsertion(Z)V @ 18
Event: 8.508 Thread 0x000000001d308000 Uncommon trap: reason=unstable_if action=reinterpret pc=0x0000000004342050 method=java.util.concurrent.locks.AbstractQueuedSynchronizer.release(I)Z @ 14

Internal exceptions (10 events):
Event: 8.603 Thread 0x00000000036e5000 Exception <a 'java/lang/ClassNotFoundException': org/springframework/beans/factory/AwareCustomizer> (0x00000000d606a638) thrown at [C:\re\workspace\8-2-build-windows-amd64-cygwin\jdk8u121\8372\hotspot\src\share\vm\classfile\systemDictionary.cpp, line 210]
Event: 8.609 Thread 0x00000000036e5000 Exception <a 'java/lang/ClassNotFoundException': java/lang/ObjectCustomizer> (0x00000000d60dd960) thrown at [C:\re\workspace\8-2-build-windows-amd64-cygwin\jdk8u121\8372\hotspot\src\share\vm\classfile\systemDictionary.cpp, line 210]
Event: 8.612 Thread 0x00000000036e5000 Exception <a 'java/lang/ClassNotFoundException': org/springframework/boot/actuate/web/mappings/servlet/ServletsMappingDescriptionProviderCustomizer> (0x00000000d610f2e0) thrown at [C:\re\workspace\8-2-build-windows-amd64-cygwin\jdk8u121\8372\hotspot\src\s
Event: 8.614 Thread 0x00000000036e5000 Exception <a 'java/lang/ClassNotFoundException': org/springframework/boot/actuate/web/mappings/MappingDescriptionProviderCustomizer> (0x00000000d614f038) thrown at [C:\re\workspace\8-2-build-windows-amd64-cygwin\jdk8u121\8372\hotspot\src\share\vm\classfil
Event: 8.616 Thread 0x00000000036e5000 Exception <a 'java/lang/ClassNotFoundException': java/lang/ObjectCustomizer> (0x00000000d61686c0) thrown at [C:\re\workspace\8-2-build-windows-amd64-cygwin\jdk8u121\8372\hotspot\src\share\vm\classfile\systemDictionary.cpp, line 210]
Event: 8.618 Thread 0x00000000036e5000 Exception <a 'java/lang/ClassNotFoundException': org/springframework/boot/actuate/web/mappings/servlet/FiltersMappingDescriptionProviderCustomizer> (0x00000000d6199fe0) thrown at [C:\re\workspace\8-2-build-windows-amd64-cygwin\jdk8u121\8372\hotspot\src\sh
Event: 8.620 Thread 0x00000000036e5000 Exception <a 'java/lang/ClassNotFoundException': org/springframework/boot/actuate/web/mappings/MappingDescriptionProviderCustomizer> (0x00000000d61d21c0) thrown at [C:\re\workspace\8-2-build-windows-amd64-cygwin\jdk8u121\8372\hotspot\src\share\vm\classfil
Event: 8.622 Thread 0x00000000036e5000 Exception <a 'java/lang/ClassNotFoundException': java/lang/ObjectCustomizer> (0x00000000d61f9418) thrown at [C:\re\workspace\8-2-build-windows-amd64-cygwin\jdk8u121\8372\hotspot\src\share\vm\classfile\systemDictionary.cpp, line 210]
Event: 8.624 Thread 0x00000000036e5000 Exception <a 'java/lang/ClassNotFoundException': org/springframework/boot/actuate/web/mappings/MappingsEndpointCustomizer> (0x00000000d6222a28) thrown at [C:\re\workspace\8-2-build-windows-amd64-cygwin\jdk8u121\8372\hotspot\src\share\vm\classfile\systemDi
Event: 8.625 Thread 0x00000000036e5000 Exception <a 'java/lang/NoSuchMethodError': java.lang.Object.lambda$identity$2(Ljava/lang/Object;)Ljava/lang/Object;> (0x00000000d622da70) thrown at [C:\re\workspace\8-2-build-windows-amd64-cygwin\jdk8u121\8372\hotspot\src\share\vm\interpreter\linkResolve

Events (10 events):
Event: 8.623 loading class org/springframework/boot/actuate/web/mappings/MappingsEndpointCustomizer
Event: 8.623 loading class org/springframework/boot/actuate/web/mappings/MappingsEndpointCustomizer done
Event: 8.624 loading class org/springframework/boot/actuate/web/mappings/MappingsEndpointCustomizer
Event: 8.624 loading class org/springframework/boot/actuate/web/mappings/MappingsEndpointCustomizer done
Event: 8.625 loading class org/springframework/boot/actuate/endpoint/EndpointId
Event: 8.625 loading class org/springframework/boot/actuate/endpoint/EndpointId done
Event: 8.625 loading class org/springframework/boot/actuate/endpoint/annotation/EndpointDiscoverer$EndpointBean
Event: 8.625 loading class org/springframework/boot/actuate/endpoint/annotation/EndpointDiscoverer$EndpointBean done
Event: 8.632 loading class java/lang/ObjectCustomizer
Event: 8.632 loading class java/lang/ObjectCustomizer done


Dynamic libraries:
0x00007ff768710000 - 0x00007ff768747000 	C:\Program Files\Java\jre1.8.0_121\bin\javaw.exe
0x00007ffd71040000 - 0x00007ffd71221000 	C:\WINDOWS\SYSTEM32\ntdll.dll
0x00007ffd70990000 - 0x00007ffd70a42000 	C:\WINDOWS\System32\KERNEL32.DLL
0x00007ffd6d7d0000 - 0x00007ffd6da43000 	C:\WINDOWS\System32\KERNELBASE.dll
0x00007ffd70800000 - 0x00007ffd708a1000 	C:\WINDOWS\System32\ADVAPI32.dll
0x00007ffd70f00000 - 0x00007ffd70f9e000 	C:\WINDOWS\System32\msvcrt.dll
0x00007ffd70690000 - 0x00007ffd706eb000 	C:\WINDOWS\System32\sechost.dll
0x00007ffd6fba0000 - 0x00007ffd6fcc4000 	C:\WINDOWS\System32\RPCRT4.dll
0x00007ffd70d70000 - 0x00007ffd70f00000 	C:\WINDOWS\System32\USER32.dll
0x00007ffd6da50000 - 0x00007ffd6da70000 	C:\WINDOWS\System32\win32u.dll
0x00007ffd6e4d0000 - 0x00007ffd6e4f8000 	C:\WINDOWS\System32\GDI32.dll
0x00007ffd6d5b0000 - 0x00007ffd6d742000 	C:\WINDOWS\System32\gdi32full.dll
0x00007ffd6d410000 - 0x00007ffd6d4af000 	C:\WINDOWS\System32\msvcp_win.dll
0x00007ffd6dad0000 - 0x00007ffd6dbca000 	C:\WINDOWS\System32\ucrtbase.dll
0x00007ffd6b590000 - 0x00007ffd6b7f9000 	C:\WINDOWS\WinSxS\amd64_microsoft.windows.common-controls_6595b64144ccf1df_6.0.17134.228_none_fb4599993062b194\COMCTL32.dll
0x00007ffd6ff10000 - 0x00007ffd70233000 	C:\WINDOWS\System32\combase.dll
0x00007ffd6d750000 - 0x00007ffd6d7ca000 	C:\WINDOWS\System32\bcryptPrimitives.dll
0x00007ffd6fe30000 - 0x00007ffd6fe5d000 	C:\WINDOWS\System32\IMM32.DLL
0x00007ffd6d1f0000 - 0x00007ffd6d24d000 	C:\Program Files\Citrix\System32\MfApHook64.dll
0x00007ffd6cad0000 - 0x00007ffd6cafb000 	C:\Program Files\Citrix\ICAService\CtxDodHook64.dll
0x00007ffd6d110000 - 0x00007ffd6d142000 	C:\Program Files\Citrix\ICAService\picaFullScreenHookX64.dll
0x00007ffd6cb00000 - 0x00007ffd6cb4e000 	C:\Program Files\Citrix\ICAService\ShellHook64.dll
0x00007ffd6e760000 - 0x00007ffd6fba0000 	C:\WINDOWS\System32\SHELL32.dll
0x00007ffd6d4b0000 - 0x00007ffd6d4f9000 	C:\WINDOWS\System32\cfgmgr32.dll
0x00007ffd6fe60000 - 0x00007ffd6ff09000 	C:\WINDOWS\System32\shcore.dll
0x00007ffd6ddc0000 - 0x00007ffd6e4cd000 	C:\WINDOWS\System32\windows.storage.dll
0x00007ffd708b0000 - 0x00007ffd70901000 	C:\WINDOWS\System32\shlwapi.dll
0x00007ffd6d3f0000 - 0x00007ffd6d401000 	C:\WINDOWS\System32\kernel.appcore.dll
0x00007ffd6d3c0000 - 0x00007ffd6d3df000 	C:\WINDOWS\System32\profapi.dll
0x00007ffd6d370000 - 0x00007ffd6d3bc000 	C:\WINDOWS\System32\powrprof.dll
0x00007ffd6d3e0000 - 0x00007ffd6d3ea000 	C:\WINDOWS\System32\FLTLIB.DLL
0x00007ffd6c950000 - 0x00007ffd6cacc000 	C:\Program Files\Citrix\ICAService\SCardHook64.dll
0x00007ffd6c650000 - 0x00007ffd6c67a000 	C:\Program Files\Citrix\ICAService\cxinjime64.dll
0x00007ffd6c600000 - 0x00007ffd6c648000 	C:\Program Files\Citrix\ICAService\PicaWtsHook64.dll
0x0000000074c10000 - 0x0000000074ce2000 	C:\Program Files\Java\jre1.8.0_121\bin\msvcr100.dll
0x0000000075100000 - 0x000000007599b000 	C:\Program Files\Java\jre1.8.0_121\bin\server\jvm.dll
0x00007ffd6e680000 - 0x00007ffd6e688000 	C:\WINDOWS\System32\PSAPI.DLL
0x00007ffd6d000000 - 0x00007ffd6d00a000 	C:\WINDOWS\SYSTEM32\VERSION.dll
0x00007ffd5e6b0000 - 0x00007ffd5e6d3000 	C:\WINDOWS\SYSTEM32\WINMM.dll
0x00007ffd5d350000 - 0x00007ffd5d359000 	C:\WINDOWS\SYSTEM32\WSOCK32.dll
0x00007ffd5e520000 - 0x00007ffd5e54a000 	C:\WINDOWS\SYSTEM32\WINMMBASE.dll
0x00007ffd70c00000 - 0x00007ffd70c6c000 	C:\WINDOWS\System32\WS2_32.dll
0x00000000763d0000 - 0x00000000763df000 	C:\Program Files\Java\jre1.8.0_121\bin\verify.dll
0x0000000075df0000 - 0x0000000075e19000 	C:\Program Files\Java\jre1.8.0_121\bin\java.dll
0x0000000075dd0000 - 0x0000000075de6000 	C:\Program Files\Java\jre1.8.0_121\bin\zip.dll
0x0000000075db0000 - 0x0000000075dca000 	C:\Program Files\Java\jre1.8.0_121\bin\net.dll
0x00007ffd6c090000 - 0x00007ffd6c0f6000 	C:\WINDOWS\system32\mswsock.dll
0x0000000075d90000 - 0x0000000075da1000 	C:\Program Files\Java\jre1.8.0_121\bin\nio.dll
0x0000000075d80000 - 0x0000000075d8d000 	C:\Program Files\Java\jre1.8.0_121\bin\management.dll
0x00007ffd63600000 - 0x00007ffd63616000 	C:\WINDOWS\system32\napinsp.dll
0x00007ffd635e0000 - 0x00007ffd635fa000 	C:\WINDOWS\system32\pnrpnsp.dll
0x00007ffd673e0000 - 0x00007ffd673f9000 	C:\WINDOWS\system32\NLAapi.dll
0x00007ffd6be60000 - 0x00007ffd6bf1e000 	C:\WINDOWS\SYSTEM32\DNSAPI.dll
0x00007ffd70fa0000 - 0x00007ffd70fa8000 	C:\WINDOWS\System32\NSI.dll
0x00007ffd6be20000 - 0x00007ffd6be58000 	C:\WINDOWS\SYSTEM32\IPHLPAPI.DLL
0x00007ffd63620000 - 0x00007ffd6362e000 	C:\WINDOWS\System32\winrnr.dll
0x00007ffd65480000 - 0x00007ffd6548a000 	C:\Windows\System32\rasadhlp.dll
0x00007ffd67620000 - 0x00007ffd67692000 	C:\WINDOWS\System32\fwpuclnt.dll
0x00007ffd6cbc0000 - 0x00007ffd6cbe5000 	C:\WINDOWS\SYSTEM32\bcrypt.dll
0x00007ffd6c240000 - 0x00007ffd6c257000 	C:\WINDOWS\SYSTEM32\CRYPTSP.dll
0x00007ffd6bc20000 - 0x00007ffd6bc53000 	C:\WINDOWS\system32\rsaenh.dll
0x00007ffd6d280000 - 0x00007ffd6d2a8000 	C:\WINDOWS\SYSTEM32\USERENV.dll
0x00007ffd6c260000 - 0x00007ffd6c26b000 	C:\WINDOWS\SYSTEM32\CRYPTBASE.dll
0x00007ffd67f80000 - 0x00007ffd67f96000 	C:\WINDOWS\SYSTEM32\dhcpcsvc6.DLL
0x00007ffd67f60000 - 0x00007ffd67f7a000 	C:\WINDOWS\SYSTEM32\dhcpcsvc.DLL
0x0000000075c70000 - 0x0000000075c94000 	C:\Program Files\Java\jre1.8.0_121\bin\sunec.dll

VM Arguments:
jvm_args: -ea -Dfile.encoding=UTF-8 
java_command: org.eclipse.jdt.internal.junit.runner.RemoteTestRunner -version 3 -port 56103 -testLoaderClass org.eclipse.jdt.internal.junit4.runner.JUnit4TestLoader -loaderpluginname org.eclipse.jdt.junit4.runtime -classNames com.bookyourticket.booking.controller.BookingControllerTests
java_class_path (initial): C:\project services\booking-service\booking\target\test-classes;C:\project services\booking-service\booking\target\classes;C:\Users\rapola\.m2\repository\org\springframework\boot\spring-boot-starter-actuator\2.1.2.RELEASE\spring-boot-starter-actuator-2.1.2.RELEASE.jar;C:\Users\rapola\.m2\repository\org\springframework\boot\spring-boot-starter\2.1.2.RELEASE\spring-boot-starter-2.1.2.RELEASE.jar;C:\Users\rapola\.m2\repository\org\springframework\boot\spring-boot\2.1.2.RELEASE\spring-boot-2.1.2.RELEASE.jar;C:\Users\rapola\.m2\repository\org\springframework\boot\spring-boot-autoconfigure\2.1.2.RELEASE\spring-boot-autoconfigure-2.1.2.RELEASE.jar;C:\Users\rapola\.m2\repository\org\springframework\boot\spring-boot-starter-logging\2.1.2.RELEASE\spring-boot-starter-logging-2.1.2.RELEASE.jar;C:\Users\rapola\.m2\repository\ch\qos\logback\logback-classic\1.2.3\logback-classic-1.2.3.jar;C:\Users\rapola\.m2\repository\ch\qos\logback\logback-core\1.2.3\logback-core-1.2.3.jar;C:\Users\rapola\.m2\repository\org\apache\logging\log4j\log4j-to-slf4j\2.11.1\log4j-to-slf4j-2.11.1.jar;C:\Users\rapola\.m2\repository\org\apache\logging\log4j\log4j-api\2.11.1\log4j-api-2.11.1.jar;C:\Users\rapola\.m2\repository\org\slf4j\jul-to-slf4j\1.7.25\jul-to-slf4j-1.7.25.jar;C:\Users\rapola\.m2\repository\javax\annotation\javax.annotation-api\1.3.2\javax.annotation-api-1.3.2.jar;C:\Users\rapola\.m2\repository\org\yaml\snakeyaml\1.23\snakeyaml-1.23.jar;C:\Users\rapola\.m2\repository\org\springframework\boot\spring-boot-actuator-autoconfigure\2.1.2.RELEASE\spring-boot-actuator-autoconfigure-2.1.2.RELEASE.jar;C:\Users\rapola\.m2\repository\org\springframework\boot\spring-boot-actuator\2.1.2.RELEASE\spring-boot-actuator-2.1.2.RELEASE.jar;C:\Users\rapola\.m2\repository\com\fasterxml\jackson\core\jackson-databind\2.9.8\jackson-databind-2.9.8.jar;C:\Users\rapola\.m2\repository\com\fasterxml\jackson\core\jackson-annotations\2.9.0\jackson-annotations-2.9.0.jar;C:\Users\rapola\.m2\rep
Launcher Type: SUN_STANDARD

Environment Variables:
PATH=C:/Program Files/Java/jre1.8.0_121/bin/server;C:/Program Files/Java/jre1.8.0_121/bin;C:/Program Files/Java/jre1.8.0_121/lib/amd64;C:\Python34\;C:\Python34\Scripts;C:\oraclexe\app\oracle\product\11.2.0\server\bin;C:\ProgramData\Oracle\Java\javapath;C:\WINDOWS\system32;C:\WINDOWS;C:\WINDOWS\System32\Wbem;C:\WINDOWS\System32\WindowsPowerShell\v1.0\;C:\Program Files\TortoiseSVN\bin;C:\Program Files\nodejs\;C:\Program Files\Git\cmd;C:\Program Files (x86)\Microsoft SQL Server\110\Tools\Binn\ManagementStudio\;C:\Program Files (x86)\Microsoft SQL Server\110\Tools\Binn\;C:\Program Files (x86)\Microsoft SQL Server\110\DTS\Binn\;C:\Program Files\Citrix\System32\;C:\Program Files\Citrix\ICAService\;C:\WINDOWS\System32\OpenSSH\;C:\Users\rapola\AppData\Local\Microsoft\WindowsApps;;C:\Users\rapola\Desktop\spring-tool-suite-3.9.6.RELEASE-e4.9.0-win32-x86_64\sts-bundle\sts-3.9.6.RELEASE;
USERNAME=rapola
OS=Windows_NT
PROCESSOR_IDENTIFIER=Intel64 Family 15 Model 6 Stepping 1, GenuineIntel



---------------  S Y S T E M  ---------------

OS: Windows 10.0 , 64 bit Build 17134 (10.0.17134.1)

CPU:total 4 (2 cores per cpu, 1 threads per core) family 15 model 6 stepping 1, cmov, cx8, fxsr, mmx, sse, sse2, sse3, ssse3, sse4.1, sse4.2, popcnt, avx, avx2, aes, clmul, erms, rtm, 3dnowpref, lzcnt, tsc, bmi1, bmi2, adx

Memory: 4k page, physical 8388056k(1159064k free), swap 18697820k(8676k free)

vm_info: Java HotSpot(TM) 64-Bit Server VM (25.121-b13) for windows-amd64 JRE (1.8.0_121-b13), built on Dec 12 2016 18:21:36 by "java_re" with MS VC++ 10.0 (VS2010)

time: Tue Feb 05 15:06:34 2019
elapsed time: 8 seconds (0d 0h 0m 8s)

