#
# There is insufficient memory for the Java Runtime Environment to continue.
# Native memory allocation (malloc) failed to allocate 111136 bytes for Chunk::new
# Possible reasons:
#   The system is out of physical RAM or swap space
#   In 32 bit mode, the process size limit was hit
# Possible solutions:
#   Reduce memory load on the system
#   Increase physical memory or swap space
#   Check if swap backing store is full
#   Use 64 bit Java on a 64 bit OS
#   Decrease Java heap size (-Xmx/-Xms)
#   Decrease number of Java threads
#   Decrease Java thread stack sizes (-Xss)
#   Set larger code cache with -XX:ReservedCodeCacheSize=
# This output file may be truncated or incomplete.
#
#  Out of Memory Error (allocation.cpp:390), pid=34892, tid=0x00000000000038e0
#
# JRE version: Java(TM) SE Runtime Environment (8.0_121-b13) (build 1.8.0_121-b13)
# Java VM: Java HotSpot(TM) 64-Bit Server VM (25.121-b13 mixed mode windows-amd64 compressed oops)
# Failed to write core dump. Minidumps are not enabled by default on client versions of Windows
#

---------------  T H R E A D  ---------------

Current thread (0x0000000017cb7000):  JavaThread "C2 CompilerThread1" daemon [_thread_in_native, id=14560, stack(0x00000000193f0000,0x00000000194f0000)]

Stack: [0x00000000193f0000,0x00000000194f0000]
[error occurred during error reporting (printing stack bounds), id 0xc0000005]

Native frames: (J=compiled Java code, j=interpreted, Vv=VM code, C=native code)


Current CompileTask:
C2:   2253 1409       4       jdk.internal.org.objectweb.asm.ClassWriter::newUTF8 (70 bytes)


---------------  P R O C E S S  ---------------

Java Threads: ( => current thread )
  0x000000001a9e3800 JavaThread "background-preinit" [_thread_blocked, id=26220, stack(0x000000001bb00000,0x000000001bc00000)]
  0x0000000019cb5000 JavaThread "ReaderThread" [_thread_in_native, id=32032, stack(0x000000001a4f0000,0x000000001a5f0000)]
  0x0000000019610800 JavaThread "Service Thread" daemon [_thread_blocked, id=724, stack(0x00000000199f0000,0x0000000019af0000)]
  0x0000000017cb9800 JavaThread "C1 CompilerThread2" daemon [_thread_blocked, id=37664, stack(0x00000000194f0000,0x00000000195f0000)]
=>0x0000000017cb7000 JavaThread "C2 CompilerThread1" daemon [_thread_in_native, id=14560, stack(0x00000000193f0000,0x00000000194f0000)]
  0x0000000017cb4800 JavaThread "C2 CompilerThread0" daemon [_thread_blocked, id=23396, stack(0x00000000192f0000,0x00000000193f0000)]
  0x0000000017cb3800 JavaThread "Attach Listener" daemon [_thread_blocked, id=31184, stack(0x00000000191f0000,0x00000000192f0000)]
  0x0000000017cb2800 JavaThread "Signal Dispatcher" daemon [_thread_blocked, id=37436, stack(0x00000000190f0000,0x00000000191f0000)]
  0x000000000305d800 JavaThread "Finalizer" daemon [_thread_blocked, id=53736, stack(0x0000000018f00000,0x0000000019000000)]
  0x0000000003054000 JavaThread "Reference Handler" daemon [_thread_blocked, id=24488, stack(0x0000000018e00000,0x0000000018f00000)]
  0x0000000002f63800 JavaThread "main" [_thread_blocked, id=53452, stack(0x0000000002e10000,0x0000000002f10000)]

Other Threads:
  0x0000000017c78000 VMThread [stack: 0x0000000018d00000,0x0000000018e00000] [id=18268]
  0x0000000019651000 WatcherThread [stack: 0x0000000019af0000,0x0000000019bf0000] [id=53532]

VM state:at safepoint (normal execution)

VM Mutex/Monitor currently owned by a thread:  ([mutex/lock_event])
[0x0000000002f60850] Threads_lock - owner thread: 0x0000000017c78000
[0x0000000002f60cd0] Heap_lock - owner thread: 0x000000001a9e3800
[0x0000000002f62d60] Compile_lock - owner thread: 0x0000000002f63800

Heap:
 PSYoungGen      total 38400K, used 10528K [0x00000000d5580000, 0x00000000da080000, 0x0000000100000000)
  eden space 33280K, 16% used [0x00000000d5580000,0x00000000d5acd138,0x00000000d7600000)
  from space 5120K, 99% used [0x00000000d7600000,0x00000000d7afb008,0x00000000d7b00000)
  to   space 5120K, 75% used [0x00000000d9b80000,0x00000000d9f4c030,0x00000000da080000)
 ParOldGen       total 87552K, used 2640K [0x0000000080000000, 0x0000000085580000, 0x00000000d5580000)
  object space 87552K, 3% used [0x0000000080000000,0x00000000802941a8,0x0000000085580000)
 Metaspace       used 18125K, capacity 18600K, committed 18816K, reserved 1073152K
  class space    used 2435K, capacity 2567K, committed 2688K, reserved 1048576K

Card table byte_map: [0x0000000012420000,0x0000000012830000] byte_map_base: 0x0000000012020000

Marking Bits: (ParMarkBitMap*) 0x000000007591b6d0
 Begin Bits: [0x0000000012ee0000, 0x0000000014ee0000)
 End Bits:   [0x0000000014ee0000, 0x0000000016ee0000)

Polling page: 0x0000000002f10000

CodeCache: size=245760Kb used=4726Kb max_used=4726Kb free=241033Kb
 bounds [0x0000000003060000, 0x0000000003500000, 0x0000000012060000]
 total_blobs=1774 nmethods=1409 adapters=279
 compilation: enabled

Compilation events (10 events):
Event: 2.240 Thread 0x0000000017cb9800 nmethod 1405 0x00000000034f4390 code [0x00000000034f44e0, 0x00000000034f45f0]
Event: 2.241 Thread 0x0000000017cb9800 1406       3       sun.reflect.annotation.AnnotationParser::toArray (18 bytes)
Event: 2.242 Thread 0x0000000017cb9800 nmethod 1406 0x00000000034fbf90 code [0x00000000034fc120, 0x00000000034fc4d8]
Event: 2.243 Thread 0x0000000017cb9800 1407       3       java.lang.invoke.DirectMethodHandle::maybeCompile (18 bytes)
Event: 2.243 Thread 0x0000000017cb7000 1409       4       jdk.internal.org.objectweb.asm.ClassWriter::newUTF8 (70 bytes)
Event: 2.244 Thread 0x0000000017cb9800 nmethod 1407 0x00000000034fc5d0 code [0x00000000034fc740, 0x00000000034fc9d8]
Event: 2.244 Thread 0x0000000017cb9800 1408       3       java.lang.invoke.DirectMethodHandle::<init> (132 bytes)
Event: 2.245 Thread 0x0000000017cb9800 nmethod 1408 0x00000000034fcad0 code [0x00000000034fcd80, 0x00000000034fe558]
Event: 2.247 Thread 0x0000000017cb9800 1410       3       java.util.concurrent.CopyOnWriteArrayList::setArray (6 bytes)
Event: 2.247 Thread 0x0000000017cb9800 nmethod 1410 0x00000000034fee10 code [0x00000000034fef60, 0x00000000034ff0d0]

GC Heap History (6 events):
Event: 1.423 GC heap before
{Heap before GC invocations=1 (full 0):
 PSYoungGen      total 38400K, used 33280K [0x00000000d5580000, 0x00000000d8000000, 0x0000000100000000)
  eden space 33280K, 100% used [0x00000000d5580000,0x00000000d7600000,0x00000000d7600000)
  from space 5120K, 0% used [0x00000000d7b00000,0x00000000d7b00000,0x00000000d8000000)
  to   space 5120K, 0% used [0x00000000d7600000,0x00000000d7600000,0x00000000d7b00000)
 ParOldGen       total 87552K, used 0K [0x0000000080000000, 0x0000000085580000, 0x00000000d5580000)
  object space 87552K, 0% used [0x0000000080000000,0x0000000080000000,0x0000000085580000)
 Metaspace       used 9081K, capacity 9296K, committed 9472K, reserved 1056768K
  class space    used 1114K, capacity 1182K, committed 1280K, reserved 1048576K
Event: 1.437 GC heap after
Heap after GC invocations=1 (full 0):
 PSYoungGen      total 38400K, used 4743K [0x00000000d5580000, 0x00000000d8000000, 0x0000000100000000)
  eden space 33280K, 0% used [0x00000000d5580000,0x00000000d5580000,0x00000000d7600000)
  from space 5120K, 92% used [0x00000000d7600000,0x00000000d7aa1cb0,0x00000000d7b00000)
  to   space 5120K, 0% used [0x00000000d7b00000,0x00000000d7b00000,0x00000000d8000000)
 ParOldGen       total 87552K, used 16K [0x0000000080000000, 0x0000000085580000, 0x00000000d5580000)
  object space 87552K, 0% used [0x0000000080000000,0x0000000080004000,0x0000000085580000)
 Metaspace       used 9081K, capacity 9296K, committed 9472K, reserved 1056768K
  class space    used 1114K, capacity 1182K, committed 1280K, reserved 1048576K
}
Event: 1.977 GC heap before
{Heap before GC invocations=2 (full 0):
 PSYoungGen      total 38400K, used 38023K [0x00000000d5580000, 0x00000000d8000000, 0x0000000100000000)
  eden space 33280K, 100% used [0x00000000d5580000,0x00000000d7600000,0x00000000d7600000)
  from space 5120K, 92% used [0x00000000d7600000,0x00000000d7aa1cb0,0x00000000d7b00000)
  to   space 5120K, 0% used [0x00000000d7b00000,0x00000000d7b00000,0x00000000d8000000)
 ParOldGen       total 87552K, used 16K [0x0000000080000000, 0x0000000085580000, 0x00000000d5580000)
  object space 87552K, 0% used [0x0000000080000000,0x0000000080004000,0x0000000085580000)
 Metaspace       used 14338K, capacity 14754K, committed 14848K, reserved 1062912K
  class space    used 1850K, capacity 1976K, committed 2048K, reserved 1048576K
Event: 1.987 GC heap after
Heap after GC invocations=2 (full 0):
 PSYoungGen      total 38400K, used 5109K [0x00000000d5580000, 0x00000000da080000, 0x0000000100000000)
  eden space 33280K, 0% used [0x00000000d5580000,0x00000000d5580000,0x00000000d7600000)
  from space 5120K, 99% used [0x00000000d7b00000,0x00000000d7ffd778,0x00000000d8000000)
  to   space 5120K, 0% used [0x00000000d7600000,0x00000000d7600000,0x00000000d7b00000)
 ParOldGen       total 87552K, used 846K [0x0000000080000000, 0x0000000085580000, 0x00000000d5580000)
  object space 87552K, 0% used [0x0000000080000000,0x00000000800d3b58,0x0000000085580000)
 Metaspace       used 14338K, capacity 14754K, committed 14848K, reserved 1062912K
  class space    used 1850K, capacity 1976K, committed 2048K, reserved 1048576K
}
Event: 2.199 GC heap before
{Heap before GC invocations=3 (full 0):
 PSYoungGen      total 38400K, used 38389K [0x00000000d5580000, 0x00000000da080000, 0x0000000100000000)
  eden space 33280K, 100% used [0x00000000d5580000,0x00000000d7600000,0x00000000d7600000)
  from space 5120K, 99% used [0x00000000d7b00000,0x00000000d7ffd778,0x00000000d8000000)
  to   space 5120K, 0% used [0x00000000d7600000,0x00000000d7600000,0x00000000d7b00000)
 ParOldGen       total 87552K, used 847K [0x0000000080000000, 0x0000000085580000, 0x00000000d5580000)
  object space 87552K, 0% used [0x0000000080000000,0x00000000800d3c70,0x0000000085580000)
 Metaspace       used 17469K, capacity 18018K, committed 18176K, reserved 1067008K
  class space    used 2355K, capacity 2518K, committed 2560K, reserved 1048576K
Event: 2.210 GC heap after
Heap after GC invocations=3 (full 0):
 PSYoungGen      total 38400K, used 5100K [0x00000000d5580000, 0x00000000da080000, 0x0000000100000000)
  eden space 33280K, 0% used [0x00000000d5580000,0x00000000d5580000,0x00000000d7600000)
  from space 5120K, 99% used [0x00000000d7600000,0x00000000d7afb008,0x00000000d7b00000)
  to   space 5120K, 0% used [0x00000000d9b80000,0x00000000d9b80000,0x00000000da080000)
 ParOldGen       total 87552K, used 2632K [0x0000000080000000, 0x0000000085580000, 0x00000000d5580000)
  object space 87552K, 3% used [0x0000000080000000,0x00000000802921a8,0x0000000085580000)
 Metaspace       used 17469K, capacity 18018K, committed 18176K, reserved 1067008K
  class space    used 2355K, capacity 2518K, committed 2560K, reserved 1048576K
}

Deoptimization events (10 events):
Event: 1.422 Thread 0x0000000002f63800 Uncommon trap: reason=range_check action=make_not_entrant pc=0x00000000032ebae0 method=sun.reflect.generics.parser.SignatureParser.current()C @ 34
Event: 1.844 Thread 0x0000000002f63800 Uncommon trap: reason=unstable_if action=reinterpret pc=0x00000000032e8ae8 method=java.util.HashMap.hash(Ljava/lang/Object;)I @ 1
Event: 1.910 Thread 0x000000001a9e3800 Uncommon trap: reason=unstable_if action=reinterpret pc=0x0000000003332f64 method=sun.misc.MetaIndex.mayContain(Ljava/lang/String;)Z @ 38
Event: 1.914 Thread 0x000000001a9e3800 Uncommon trap: reason=unstable_if action=reinterpret pc=0x000000000330a154 method=sun.misc.MetaIndex.mayContain(Ljava/lang/String;)Z @ 38
Event: 1.973 Thread 0x0000000002f63800 Uncommon trap: reason=unstable_if action=reinterpret pc=0x0000000003468d38 method=java.util.concurrent.ConcurrentHashMap.addCount(JI)V @ 168
Event: 1.973 Thread 0x000000001a9e3800 Uncommon trap: reason=unstable_if action=reinterpret pc=0x0000000003468d38 method=java.util.concurrent.ConcurrentHashMap.addCount(JI)V @ 168
Event: 1.976 Thread 0x0000000002f63800 Uncommon trap: reason=unstable_if action=reinterpret pc=0x0000000003451000 method=java.net.URL.<init>(Ljava/net/URL;Ljava/lang/String;Ljava/net/URLStreamHandler;)V @ 347
Event: 2.064 Thread 0x0000000002f63800 Uncommon trap: reason=null_assert action=make_not_entrant pc=0x0000000003301648 method=java.util.zip.ZipEntry.<init>(Ljava/util/zip/ZipEntry;)V @ 70
Event: 2.084 Thread 0x0000000002f63800 Uncommon trap: reason=unstable_if action=reinterpret pc=0x00000000032bd2bc method=java.util.HashMap.hash(Ljava/lang/Object;)I @ 1
Event: 2.198 Thread 0x000000001a9e3800 Uncommon trap: reason=unstable_if action=reinterpret pc=0x00000000033f6fe4 method=java.util.jar.Manifest$FastInputStream.readLine([BII)I @ 87

Internal exceptions (10 events):
Event: 2.223 Thread 0x0000000002f63800 Exception <a 'java/lang/ClassNotFoundException': org/springframework/beans/factory/support/BeanDefinitionRegistryPostProcessorCustomizer> (0x00000000d56e9e30) thrown at [C:\re\workspace\8-2-build-windows-amd64-cygwin\jdk8u121\8372\hotspot\src\share\vm\cla
Event: 2.224 Thread 0x0000000002f63800 Exception <a 'java/lang/ClassNotFoundException': org/springframework/beans/factory/config/BeanFactoryPostProcessorCustomizer> (0x00000000d5707518) thrown at [C:\re\workspace\8-2-build-windows-amd64-cygwin\jdk8u121\8372\hotspot\src\share\vm\classfile\syste
Event: 2.224 Thread 0x0000000002f63800 Exception <a 'java/lang/ClassNotFoundException': org/springframework/core/PriorityOrderedCustomizer> (0x00000000d571e1f0) thrown at [C:\re\workspace\8-2-build-windows-amd64-cygwin\jdk8u121\8372\hotspot\src\share\vm\classfile\systemDictionary.cpp, line 210
Event: 2.225 Thread 0x0000000002f63800 Exception <a 'java/lang/ClassNotFoundException': org/springframework/core/OrderedCustomizer> (0x00000000d5732760) thrown at [C:\re\workspace\8-2-build-windows-amd64-cygwin\jdk8u121\8372\hotspot\src\share\vm\classfile\systemDictionary.cpp, line 210]
Event: 2.226 Thread 0x0000000002f63800 Exception <a 'java/lang/ClassNotFoundException': org/springframework/context/ResourceLoaderAwareCustomizer> (0x00000000d5793078) thrown at [C:\re\workspace\8-2-build-windows-amd64-cygwin\jdk8u121\8372\hotspot\src\share\vm\classfile\systemDictionary.cpp, l
Event: 2.226 Thread 0x0000000002f63800 Exception <a 'java/lang/ClassNotFoundException': org/springframework/beans/factory/AwareCustomizer> (0x00000000d57aa3b0) thrown at [C:\re\workspace\8-2-build-windows-amd64-cygwin\jdk8u121\8372\hotspot\src\share\vm\classfile\systemDictionary.cpp, line 210]
Event: 2.227 Thread 0x0000000002f63800 Exception <a 'java/lang/ClassNotFoundException': org/springframework/beans/factory/BeanClassLoaderAwareCustomizer> (0x00000000d57c3ab8) thrown at [C:\re\workspace\8-2-build-windows-amd64-cygwin\jdk8u121\8372\hotspot\src\share\vm\classfile\systemDictionary
Event: 2.228 Thread 0x0000000002f63800 Exception <a 'java/lang/ClassNotFoundException': org/springframework/beans/factory/AwareCustomizer> (0x00000000d57dae08) thrown at [C:\re\workspace\8-2-build-windows-amd64-cygwin\jdk8u121\8372\hotspot\src\share\vm\classfile\systemDictionary.cpp, line 210]
Event: 2.228 Thread 0x0000000002f63800 Exception <a 'java/lang/ClassNotFoundException': org/springframework/context/EnvironmentAwareCustomizer> (0x00000000d57f1e50) thrown at [C:\re\workspace\8-2-build-windows-amd64-cygwin\jdk8u121\8372\hotspot\src\share\vm\classfile\systemDictionary.cpp, line
Event: 2.229 Thread 0x0000000002f63800 Exception <a 'java/lang/ClassNotFoundException': org/springframework/beans/factory/AwareCustomizer> (0x00000000d58511a8) thrown at [C:\re\workspace\8-2-build-windows-amd64-cygwin\jdk8u121\8372\hotspot\src\share\vm\classfile\systemDictionary.cpp, line 210]

Events (10 events):
Event: 2.246 loading class org/springframework/http/converter/json/SpringHandlerInstantiator
Event: 2.246 loading class org/springframework/http/converter/json/SpringHandlerInstantiator done
Event: 2.246 loading class org/springframework/context/annotation/ImportRegistry
Event: 2.246 loading class org/springframework/context/annotation/ImportRegistry done
Event: 2.246 loading class org/springframework/beans/factory/parsing/Problem
Event: 2.246 loading class org/springframework/beans/factory/parsing/Problem done
Event: 2.247 loading class org/springframework/context/annotation/ConfigurationClassParser$CircularImportProblem
Event: 2.247 loading class org/springframework/context/annotation/ConfigurationClassParser$CircularImportProblem done
Event: 2.247 loading class com/fasterxml/jackson/core/JsonFactory
Event: 2.247 loading class com/fasterxml/jackson/core/JsonFactory done


Dynamic libraries:
0x00007ff768710000 - 0x00007ff768747000 	C:\Program Files\Java\jre1.8.0_121\bin\javaw.exe
0x00007ffd71040000 - 0x00007ffd71221000 	C:\WINDOWS\SYSTEM32\ntdll.dll
0x00007ffd70990000 - 0x00007ffd70a42000 	C:\WINDOWS\System32\KERNEL32.DLL
0x00007ffd6d7d0000 - 0x00007ffd6da43000 	C:\WINDOWS\System32\KERNELBASE.dll
0x00007ffd70800000 - 0x00007ffd708a1000 	C:\WINDOWS\System32\ADVAPI32.dll
0x00007ffd70f00000 - 0x00007ffd70f9e000 	C:\WINDOWS\System32\msvcrt.dll
0x00007ffd70690000 - 0x00007ffd706eb000 	C:\WINDOWS\System32\sechost.dll
0x00007ffd6fba0000 - 0x00007ffd6fcc4000 	C:\WINDOWS\System32\RPCRT4.dll
0x00007ffd70d70000 - 0x00007ffd70f00000 	C:\WINDOWS\System32\USER32.dll
0x00007ffd6da50000 - 0x00007ffd6da70000 	C:\WINDOWS\System32\win32u.dll
0x00007ffd6e4d0000 - 0x00007ffd6e4f8000 	C:\WINDOWS\System32\GDI32.dll
0x00007ffd6d5b0000 - 0x00007ffd6d742000 	C:\WINDOWS\System32\gdi32full.dll
0x00007ffd6d410000 - 0x00007ffd6d4af000 	C:\WINDOWS\System32\msvcp_win.dll
0x00007ffd6dad0000 - 0x00007ffd6dbca000 	C:\WINDOWS\System32\ucrtbase.dll
0x00007ffd6b590000 - 0x00007ffd6b7f9000 	C:\WINDOWS\WinSxS\amd64_microsoft.windows.common-controls_6595b64144ccf1df_6.0.17134.228_none_fb4599993062b194\COMCTL32.dll
0x00007ffd6ff10000 - 0x00007ffd70233000 	C:\WINDOWS\System32\combase.dll
0x00007ffd6d750000 - 0x00007ffd6d7ca000 	C:\WINDOWS\System32\bcryptPrimitives.dll
0x00007ffd6fe30000 - 0x00007ffd6fe5d000 	C:\WINDOWS\System32\IMM32.DLL
0x00007ffd6d1f0000 - 0x00007ffd6d24d000 	C:\Program Files\Citrix\System32\MfApHook64.dll
0x00007ffd6cad0000 - 0x00007ffd6cafb000 	C:\Program Files\Citrix\ICAService\CtxDodHook64.dll
0x00007ffd6d110000 - 0x00007ffd6d142000 	C:\Program Files\Citrix\ICAService\picaFullScreenHookX64.dll
0x00007ffd6cb00000 - 0x00007ffd6cb4e000 	C:\Program Files\Citrix\ICAService\ShellHook64.dll
0x00007ffd6e760000 - 0x00007ffd6fba0000 	C:\WINDOWS\System32\SHELL32.dll
0x00007ffd6d4b0000 - 0x00007ffd6d4f9000 	C:\WINDOWS\System32\cfgmgr32.dll
0x00007ffd6fe60000 - 0x00007ffd6ff09000 	C:\WINDOWS\System32\shcore.dll
0x00007ffd6ddc0000 - 0x00007ffd6e4cd000 	C:\WINDOWS\System32\windows.storage.dll
0x00007ffd708b0000 - 0x00007ffd70901000 	C:\WINDOWS\System32\shlwapi.dll
0x00007ffd6d3f0000 - 0x00007ffd6d401000 	C:\WINDOWS\System32\kernel.appcore.dll
0x00007ffd6d3c0000 - 0x00007ffd6d3df000 	C:\WINDOWS\System32\profapi.dll
0x00007ffd6d370000 - 0x00007ffd6d3bc000 	C:\WINDOWS\System32\powrprof.dll
0x00007ffd6d3e0000 - 0x00007ffd6d3ea000 	C:\WINDOWS\System32\FLTLIB.DLL
0x00007ffd6c950000 - 0x00007ffd6cacc000 	C:\Program Files\Citrix\ICAService\SCardHook64.dll
0x00007ffd6c650000 - 0x00007ffd6c67a000 	C:\Program Files\Citrix\ICAService\cxinjime64.dll
0x00007ffd6c600000 - 0x00007ffd6c648000 	C:\Program Files\Citrix\ICAService\PicaWtsHook64.dll
0x0000000074e50000 - 0x0000000074f22000 	C:\Program Files\Java\jre1.8.0_121\bin\msvcr100.dll
0x0000000075100000 - 0x000000007599b000 	C:\Program Files\Java\jre1.8.0_121\bin\server\jvm.dll
0x00007ffd6e680000 - 0x00007ffd6e688000 	C:\WINDOWS\System32\PSAPI.DLL
0x00007ffd5e6b0000 - 0x00007ffd5e6d3000 	C:\WINDOWS\SYSTEM32\WINMM.dll
0x00007ffd6d000000 - 0x00007ffd6d00a000 	C:\WINDOWS\SYSTEM32\VERSION.dll
0x00007ffd5d350000 - 0x00007ffd5d359000 	C:\WINDOWS\SYSTEM32\WSOCK32.dll
0x00007ffd70c00000 - 0x00007ffd70c6c000 	C:\WINDOWS\System32\WS2_32.dll
0x00007ffd5e520000 - 0x00007ffd5e54a000 	C:\WINDOWS\SYSTEM32\WINMMBASE.dll
0x00000000763d0000 - 0x00000000763df000 	C:\Program Files\Java\jre1.8.0_121\bin\verify.dll
0x0000000075f60000 - 0x0000000075f89000 	C:\Program Files\Java\jre1.8.0_121\bin\java.dll
0x0000000075f40000 - 0x0000000075f56000 	C:\Program Files\Java\jre1.8.0_121\bin\zip.dll
0x0000000075f20000 - 0x0000000075f3a000 	C:\Program Files\Java\jre1.8.0_121\bin\net.dll
0x00007ffd6c090000 - 0x00007ffd6c0f6000 	C:\WINDOWS\system32\mswsock.dll
0x0000000075f00000 - 0x0000000075f11000 	C:\Program Files\Java\jre1.8.0_121\bin\nio.dll
0x0000000075c70000 - 0x0000000075c7d000 	C:\Program Files\Java\jre1.8.0_121\bin\management.dll
0x00007ffd63600000 - 0x00007ffd63616000 	C:\WINDOWS\system32\napinsp.dll
0x00007ffd635e0000 - 0x00007ffd635fa000 	C:\WINDOWS\system32\pnrpnsp.dll
0x00007ffd673e0000 - 0x00007ffd673f9000 	C:\WINDOWS\system32\NLAapi.dll
0x00007ffd6be60000 - 0x00007ffd6bf1e000 	C:\WINDOWS\SYSTEM32\DNSAPI.dll
0x00007ffd70fa0000 - 0x00007ffd70fa8000 	C:\WINDOWS\System32\NSI.dll
0x00007ffd6be20000 - 0x00007ffd6be58000 	C:\WINDOWS\SYSTEM32\IPHLPAPI.DLL
0x00007ffd63620000 - 0x00007ffd6362e000 	C:\WINDOWS\System32\winrnr.dll
0x00007ffd65480000 - 0x00007ffd6548a000 	C:\Windows\System32\rasadhlp.dll
0x00007ffd67620000 - 0x00007ffd67692000 	C:\WINDOWS\System32\fwpuclnt.dll
0x00007ffd6cbc0000 - 0x00007ffd6cbe5000 	C:\WINDOWS\SYSTEM32\bcrypt.dll

VM Arguments:
jvm_args: -ea -Dfile.encoding=UTF-8 
java_command: org.eclipse.jdt.internal.junit.runner.RemoteTestRunner -version 3 -port 57287 -testLoaderClass org.eclipse.jdt.internal.junit4.runner.JUnit4TestLoader -loaderpluginname org.eclipse.jdt.junit4.runtime -classNames com.bookyourticket.booking.service.BookingServiceTests
java_class_path (initial): C:\project services\booking-service\booking\target\test-classes;C:\project services\booking-service\booking\target\classes;C:\Users\rapola\.m2\repository\org\springframework\boot\spring-boot-starter-data-mongodb\2.1.2.RELEASE\spring-boot-starter-data-mongodb-2.1.2.RELEASE.jar;C:\Users\rapola\.m2\repository\org\springframework\boot\spring-boot-starter\2.1.2.RELEASE\spring-boot-starter-2.1.2.RELEASE.jar;C:\Users\rapola\.m2\repository\org\springframework\boot\spring-boot\2.1.2.RELEASE\spring-boot-2.1.2.RELEASE.jar;C:\Users\rapola\.m2\repository\org\springframework\boot\spring-boot-autoconfigure\2.1.2.RELEASE\spring-boot-autoconfigure-2.1.2.RELEASE.jar;C:\Users\rapola\.m2\repository\org\springframework\boot\spring-boot-starter-logging\2.1.2.RELEASE\spring-boot-starter-logging-2.1.2.RELEASE.jar;C:\Users\rapola\.m2\repository\ch\qos\logback\logback-classic\1.2.3\logback-classic-1.2.3.jar;C:\Users\rapola\.m2\repository\ch\qos\logback\logback-core\1.2.3\logback-core-1.2.3.jar;C:\Users\rapola\.m2\repository\org\apache\logging\log4j\log4j-to-slf4j\2.11.1\log4j-to-slf4j-2.11.1.jar;C:\Users\rapola\.m2\repository\org\apache\logging\log4j\log4j-api\2.11.1\log4j-api-2.11.1.jar;C:\Users\rapola\.m2\repository\org\slf4j\jul-to-slf4j\1.7.25\jul-to-slf4j-1.7.25.jar;C:\Users\rapola\.m2\repository\javax\annotation\javax.annotation-api\1.3.2\javax.annotation-api-1.3.2.jar;C:\Users\rapola\.m2\repository\org\yaml\snakeyaml\1.23\snakeyaml-1.23.jar;C:\Users\rapola\.m2\repository\org\mongodb\mongodb-driver\3.8.2\mongodb-driver-3.8.2.jar;C:\Users\rapola\.m2\repository\org\mongodb\bson\3.8.2\bson-3.8.2.jar;C:\Users\rapola\.m2\repository\org\mongodb\mongodb-driver-core\3.8.2\mongodb-driver-core-3.8.2.jar;C:\Users\rapola\.m2\repository\org\springframework\data\spring-data-mongodb\2.1.4.RELEASE\spring-data-mongodb-2.1.4.RELEASE.jar;C:\Users\rapola\.m2\repository\org\springframework\spring-tx\5.1.4.RELEASE\spring-tx-5.1.4.RELEASE.jar;C:\Users\rapola\.m2\repository\org\sp
Launcher Type: SUN_STANDARD

Environment Variables:
PATH=C:/Program Files/Java/jre1.8.0_121/bin/server;C:/Program Files/Java/jre1.8.0_121/bin;C:/Program Files/Java/jre1.8.0_121/lib/amd64;C:\Python34\;C:\Python34\Scripts;C:\oraclexe\app\oracle\product\11.2.0\server\bin;C:\ProgramData\Oracle\Java\javapath;C:\WINDOWS\system32;C:\WINDOWS;C:\WINDOWS\System32\Wbem;C:\WINDOWS\System32\WindowsPowerShell\v1.0\;C:\Program Files\TortoiseSVN\bin;C:\Program Files\nodejs\;C:\Program Files\Git\cmd;C:\Program Files (x86)\Microsoft SQL Server\110\Tools\Binn\ManagementStudio\;C:\Program Files (x86)\Microsoft SQL Server\110\Tools\Binn\;C:\Program Files (x86)\Microsoft SQL Server\110\DTS\Binn\;C:\Program Files\Citrix\System32\;C:\Program Files\Citrix\ICAService\;C:\WINDOWS\System32\OpenSSH\;C:\Users\rapola\AppData\Local\Microsoft\WindowsApps;;C:\Users\rapola\Desktop\spring-tool-suite-3.9.6.RELEASE-e4.9.0-win32-x86_64\sts-bundle\sts-3.9.6.RELEASE;
USERNAME=rapola
OS=Windows_NT
PROCESSOR_IDENTIFIER=Intel64 Family 15 Model 6 Stepping 1, GenuineIntel



---------------  S Y S T E M  ---------------

OS: Windows 10.0 , 64 bit Build 17134 (10.0.17134.1)

CPU:total 4 (2 cores per cpu, 1 threads per core) family 15 model 6 stepping 1, cmov, cx8, fxsr, mmx, sse, sse2, sse3, ssse3, sse4.1, sse4.2, popcnt, avx, avx2, aes, clmul, erms, rtm, 3dnowpref, lzcnt, tsc, bmi1, bmi2, adx

Memory: 4k page, physical 8388056k(1307964k free), swap 18697820k(3344k free)

vm_info: Java HotSpot(TM) 64-Bit Server VM (25.121-b13) for windows-amd64 JRE (1.8.0_121-b13), built on Dec 12 2016 18:21:36 by "java_re" with MS VC++ 10.0 (VS2010)

time: Wed Feb 06 15:42:26 2019
elapsed time: 2 seconds (0d 0h 0m 2s)

