#
# There is insufficient memory for the Java Runtime Environment to continue.
# Native memory allocation (malloc) failed to allocate 32744 bytes for ChunkPool::allocate
# Possible reasons:
#   The system is out of physical RAM or swap space
#   In 32 bit mode, the process size limit was hit
# Possible solutions:
#   Reduce memory load on the system
#   Increase physical memory or swap space
#   Check if swap backing store is full
#   Use 64 bit Java on a 64 bit OS
#   Decrease Java heap size (-Xmx/-Xms)
#   Decrease number of Java threads
#   Decrease Java thread stack sizes (-Xss)
#   Set larger code cache with -XX:ReservedCodeCacheSize=
# This output file may be truncated or incomplete.
#
#  Out of Memory Error (allocation.cpp:273), pid=23448, tid=0x0000000000004fa0
#
# JRE version: Java(TM) SE Runtime Environment (8.0_121-b13) (build 1.8.0_121-b13)
# Java VM: Java HotSpot(TM) 64-Bit Server VM (25.121-b13 mixed mode windows-amd64 compressed oops)
# Failed to write core dump. Minidumps are not enabled by default on client versions of Windows
#

---------------  T H R E A D  ---------------

Current thread (0x0000000018103800):  JavaThread "C2 CompilerThread0" daemon [_thread_in_native, id=20384, stack(0x0000000019750000,0x0000000019850000)]

Stack: [0x0000000019750000,0x0000000019850000]
[error occurred during error reporting (printing stack bounds), id 0xc0000005]

Native frames: (J=compiled Java code, j=interpreted, Vv=VM code, C=native code)


Current CompileTask:
C2:   5924 4365       4       com.sun.beans.TypeResolver::resolve (37 bytes)


---------------  P R O C E S S  ---------------

Java Threads: ( => current thread )
  0x0000000018113800 JavaThread "SimplePauseDetectorThread_0" daemon [_thread_blocked, id=10580, stack(0x000000001ff50000,0x0000000020050000)]
  0x0000000018110800 JavaThread "Thread-2" daemon [_thread_blocked, id=560, stack(0x000000001fe50000,0x000000001ff50000)]
  0x000000001810f000 JavaThread "CleanCursors-1-thread-1" daemon [_thread_blocked, id=17132, stack(0x000000001fa50000,0x000000001fb50000)]
  0x0000000018112800 JavaThread "cluster-ClusterId{value='5c591f4a2fb8fe5b98fc499f', description='null'}-localhost:27017" daemon [_thread_blocked, id=23848, stack(0x000000001d930000,0x000000001da30000)]
  0x000000001a164000 JavaThread "ReaderThread" [_thread_in_native, id=19500, stack(0x000000001a950000,0x000000001aa50000)]
  0x0000000019a78800 JavaThread "Service Thread" daemon [_thread_blocked, id=13404, stack(0x0000000019e50000,0x0000000019f50000)]
  0x0000000018111000 JavaThread "C1 CompilerThread2" daemon [_thread_in_native, id=15368, stack(0x0000000019950000,0x0000000019a50000)]
  0x0000000018109800 JavaThread "C2 CompilerThread1" daemon [_thread_in_native, id=9824, stack(0x0000000019850000,0x0000000019950000)]
=>0x0000000018103800 JavaThread "C2 CompilerThread0" daemon [_thread_in_native, id=20384, stack(0x0000000019750000,0x0000000019850000)]
  0x0000000018102800 JavaThread "Attach Listener" daemon [_thread_blocked, id=23920, stack(0x0000000019650000,0x0000000019750000)]
  0x0000000018101000 JavaThread "Signal Dispatcher" daemon [_thread_blocked, id=19564, stack(0x0000000019550000,0x0000000019650000)]
  0x00000000034de800 JavaThread "Finalizer" daemon [_thread_blocked, id=23064, stack(0x0000000019360000,0x0000000019460000)]
  0x00000000034d4000 JavaThread "Reference Handler" daemon [_thread_blocked, id=20260, stack(0x0000000019260000,0x0000000019360000)]
  0x00000000033e4000 JavaThread "main" [_thread_in_vm, id=23572, stack(0x00000000032e0000,0x00000000033e0000)]

Other Threads:
  0x00000000180c8000 VMThread [stack: 0x0000000019160000,0x0000000019260000] [id=11948]
  0x0000000019abc000 WatcherThread [stack: 0x0000000019f50000,0x000000001a050000] [id=22288]

VM state:not at safepoint (normal execution)

VM Mutex/Monitor currently owned by a thread: None

Heap:
 PSYoungGen      total 155136K, used 69512K [0x00000000d5580000, 0x00000000e0b80000, 0x0000000100000000)
  eden space 145920K, 41% used [0x00000000d5580000,0x00000000d90ba3d0,0x00000000de400000)
  from space 9216K, 96% used [0x00000000e0280000,0x00000000e0b27d58,0x00000000e0b80000)
  to   space 14336K, 0% used [0x00000000def80000,0x00000000def80000,0x00000000dfd80000)
 ParOldGen       total 58880K, used 18848K [0x0000000080000000, 0x0000000083980000, 0x00000000d5580000)
  object space 58880K, 32% used [0x0000000080000000,0x00000000812681c0,0x0000000083980000)
 Metaspace       used 41492K, capacity 43524K, committed 43816K, reserved 1087488K
  class space    used 5527K, capacity 5889K, committed 5936K, reserved 1048576K

Card table byte_map: [0x00000000128a0000,0x0000000012cb0000] byte_map_base: 0x00000000124a0000

Marking Bits: (ParMarkBitMap*) 0x0000000052adb6d0
 Begin Bits: [0x0000000013360000, 0x0000000015360000)
 End Bits:   [0x0000000015360000, 0x0000000017360000)

Polling page: 0x00000000031c0000

CodeCache: size=245760Kb used=13621Kb max_used=14661Kb free=232138Kb
 bounds [0x00000000034e0000, 0x0000000004360000, 0x00000000124e0000]
 total_blobs=4248 nmethods=3799 adapters=361
 compilation: enabled

Compilation events (10 events):
Event: 5.867 Thread 0x0000000018111000 nmethod 4384 0x000000000396bd90 code [0x000000000396bee0, 0x000000000396c0b0]
Event: 5.867 Thread 0x0000000018111000 4385       3       org.springframework.util.ClassUtils::isAssignableValue (34 bytes)
Event: 5.868 Thread 0x0000000018111000 nmethod 4385 0x000000000399f950 code [0x000000000399fb00, 0x000000000399ffc8]
Event: 5.868 Thread 0x0000000018111000 4386       3       org.springframework.cglib.reflect.FastClassEmitter$GetIndexCallback::<init> (72 bytes)
Event: 5.868 Thread 0x0000000018111000 nmethod 4386 0x0000000003e45a90 code [0x0000000003e45c80, 0x0000000003e46538]
Event: 5.868 Thread 0x0000000018111000 4387   !   3       org.springframework.cglib.core.EmitUtils::string_switch (110 bytes)
Event: 5.869 Thread 0x0000000018111000 nmethod 4387 0x00000000039b9950 code [0x00000000039b9b80, 0x00000000039ba578]
Event: 5.886 Thread 0x0000000018111000 4388       3       org.springframework.core.ResolvableType::resolveMethodParameter (45 bytes)
Event: 5.887 Thread 0x0000000018111000 nmethod 4388 0x0000000003e5f290 code [0x0000000003e5f4c0, 0x0000000003e60288]
Event: 5.903 Thread 0x0000000018111000 4389       3       org.springframework.core.annotation.AnnotationAwareOrderComparator::findOrder (135 bytes)

GC Heap History (10 events):
Event: 2.511 GC heap before
{Heap before GC invocations=6 (full 1):
 PSYoungGen      total 71680K, used 66560K [0x00000000d5580000, 0x00000000da080000, 0x0000000100000000)
  eden space 66560K, 100% used [0x00000000d5580000,0x00000000d9680000,0x00000000d9680000)
  from space 5120K, 0% used [0x00000000d9b80000,0x00000000d9b80000,0x00000000da080000)
  to   space 5120K, 0% used [0x00000000d9680000,0x00000000d9680000,0x00000000d9b80000)
 ParOldGen       total 58880K, used 8231K [0x0000000080000000, 0x0000000083980000, 0x00000000d5580000)
  object space 58880K, 13% used [0x0000000080000000,0x0000000080809cf8,0x0000000083980000)
 Metaspace       used 26306K, capacity 27086K, committed 27312K, reserved 1073152K
  class space    used 3445K, capacity 3650K, committed 3760K, reserved 1048576K
Event: 2.524 GC heap after
Heap after GC invocations=6 (full 1):
 PSYoungGen      total 71680K, used 5107K [0x00000000d5580000, 0x00000000dd080000, 0x0000000100000000)
  eden space 66560K, 0% used [0x00000000d5580000,0x00000000d5580000,0x00000000d9680000)
  from space 5120K, 99% used [0x00000000d9680000,0x00000000d9b7cec0,0x00000000d9b80000)
  to   space 10240K, 0% used [0x00000000dc680000,0x00000000dc680000,0x00000000dd080000)
 ParOldGen       total 58880K, used 11992K [0x0000000080000000, 0x0000000083980000, 0x00000000d5580000)
  object space 58880K, 20% used [0x0000000080000000,0x0000000080bb6178,0x0000000083980000)
 Metaspace       used 26306K, capacity 27086K, committed 27312K, reserved 1073152K
  class space    used 3445K, capacity 3650K, committed 3760K, reserved 1048576K
}
Event: 3.322 GC heap before
{Heap before GC invocations=7 (full 1):
 PSYoungGen      total 71680K, used 71667K [0x00000000d5580000, 0x00000000dd080000, 0x0000000100000000)
  eden space 66560K, 100% used [0x00000000d5580000,0x00000000d9680000,0x00000000d9680000)
  from space 5120K, 99% used [0x00000000d9680000,0x00000000d9b7cec0,0x00000000d9b80000)
  to   space 10240K, 0% used [0x00000000dc680000,0x00000000dc680000,0x00000000dd080000)
 ParOldGen       total 58880K, used 11992K [0x0000000080000000, 0x0000000083980000, 0x00000000d5580000)
  object space 58880K, 20% used [0x0000000080000000,0x0000000080bb6178,0x0000000083980000)
 Metaspace       used 30527K, capacity 31680K, committed 31920K, reserved 1077248K
  class space    used 3991K, capacity 4241K, committed 4272K, reserved 1048576K
Event: 3.334 GC heap after
Heap after GC invocations=7 (full 1):
 PSYoungGen      total 114176K, used 10133K [0x00000000d5580000, 0x00000000dd200000, 0x0000000100000000)
  eden space 103936K, 0% used [0x00000000d5580000,0x00000000d5580000,0x00000000dbb00000)
  from space 10240K, 98% used [0x00000000dc680000,0x00000000dd0655c0,0x00000000dd080000)
  to   space 11776K, 0% used [0x00000000dbb00000,0x00000000dbb00000,0x00000000dc680000)
 ParOldGen       total 58880K, used 12000K [0x0000000080000000, 0x0000000083980000, 0x00000000d5580000)
  object space 58880K, 20% used [0x0000000080000000,0x0000000080bb8178,0x0000000083980000)
 Metaspace       used 30527K, capacity 31680K, committed 31920K, reserved 1077248K
  class space    used 3991K, capacity 4241K, committed 4272K, reserved 1048576K
}
Event: 3.936 GC heap before
{Heap before GC invocations=8 (full 1):
 PSYoungGen      total 114176K, used 50538K [0x00000000d5580000, 0x00000000dd200000, 0x0000000100000000)
  eden space 103936K, 38% used [0x00000000d5580000,0x00000000d7cf5320,0x00000000dbb00000)
  from space 10240K, 98% used [0x00000000dc680000,0x00000000dd0655c0,0x00000000dd080000)
  to   space 11776K, 0% used [0x00000000dbb00000,0x00000000dbb00000,0x00000000dc680000)
 ParOldGen       total 58880K, used 12000K [0x0000000080000000, 0x0000000083980000, 0x00000000d5580000)
  object space 58880K, 20% used [0x0000000080000000,0x0000000080bb8178,0x0000000083980000)
 Metaspace       used 33929K, capacity 35356K, committed 35496K, reserved 1079296K
  class space    used 4443K, capacity 4725K, committed 4784K, reserved 1048576K
Event: 3.953 GC heap after
Heap after GC invocations=8 (full 1):
 PSYoungGen      total 115712K, used 11774K [0x00000000d5580000, 0x00000000e1100000, 0x0000000100000000)
  eden space 103936K, 0% used [0x00000000d5580000,0x00000000d5580000,0x00000000dbb00000)
  from space 11776K, 99% used [0x00000000dbb00000,0x00000000dc67f940,0x00000000dc680000)
  to   space 14848K, 0% used [0x00000000e0280000,0x00000000e0280000,0x00000000e1100000)
 ParOldGen       total 58880K, used 15008K [0x0000000080000000, 0x0000000083980000, 0x00000000d5580000)
  object space 58880K, 25% used [0x0000000080000000,0x0000000080ea82d0,0x0000000083980000)
 Metaspace       used 33929K, capacity 35356K, committed 35496K, reserved 1079296K
  class space    used 4443K, capacity 4725K, committed 4784K, reserved 1048576K
}
Event: 3.953 GC heap before
{Heap before GC invocations=9 (full 2):
 PSYoungGen      total 115712K, used 11774K [0x00000000d5580000, 0x00000000e1100000, 0x0000000100000000)
  eden space 103936K, 0% used [0x00000000d5580000,0x00000000d5580000,0x00000000dbb00000)
  from space 11776K, 99% used [0x00000000dbb00000,0x00000000dc67f940,0x00000000dc680000)
  to   space 14848K, 0% used [0x00000000e0280000,0x00000000e0280000,0x00000000e1100000)
 ParOldGen       total 58880K, used 15008K [0x0000000080000000, 0x0000000083980000, 0x00000000d5580000)
  object space 58880K, 25% used [0x0000000080000000,0x0000000080ea82d0,0x0000000083980000)
 Metaspace       used 33929K, capacity 35356K, committed 35496K, reserved 1079296K
  class space    used 4443K, capacity 4725K, committed 4784K, reserved 1048576K
Event: 4.047 GC heap after
Heap after GC invocations=9 (full 2):
 PSYoungGen      total 115712K, used 0K [0x00000000d5580000, 0x00000000e1100000, 0x0000000100000000)
  eden space 103936K, 0% used [0x00000000d5580000,0x00000000d5580000,0x00000000dbb00000)
  from space 11776K, 0% used [0x00000000dbb00000,0x00000000dbb00000,0x00000000dc680000)
  to   space 14848K, 0% used [0x00000000e0280000,0x00000000e0280000,0x00000000e1100000)
 ParOldGen       total 58880K, used 18840K [0x0000000080000000, 0x0000000083980000, 0x00000000d5580000)
  object space 58880K, 31% used [0x0000000080000000,0x00000000812661c0,0x0000000083980000)
 Metaspace       used 33929K, capacity 35356K, committed 35496K, reserved 1079296K
  class space    used 4443K, capacity 4725K, committed 4784K, reserved 1048576K
}
Event: 5.403 GC heap before
{Heap before GC invocations=10 (full 2):
 PSYoungGen      total 115712K, used 103936K [0x00000000d5580000, 0x00000000e1100000, 0x0000000100000000)
  eden space 103936K, 100% used [0x00000000d5580000,0x00000000dbb00000,0x00000000dbb00000)
  from space 11776K, 0% used [0x00000000dbb00000,0x00000000dbb00000,0x00000000dc680000)
  to   space 14848K, 0% used [0x00000000e0280000,0x00000000e0280000,0x00000000e1100000)
 ParOldGen       total 58880K, used 18840K [0x0000000080000000, 0x0000000083980000, 0x00000000d5580000)
  object space 58880K, 31% used [0x0000000080000000,0x00000000812661c0,0x0000000083980000)
 Metaspace       used 40665K, capacity 42684K, committed 42920K, reserved 1087488K
  class space    used 5407K, capacity 5769K, committed 5808K, reserved 1048576K
Event: 5.417 GC heap after
Heap after GC invocations=10 (full 2):
 PSYoungGen      total 155136K, used 8863K [0x00000000d5580000, 0x00000000e0b80000, 0x0000000100000000)
  eden space 145920K, 0% used [0x00000000d5580000,0x00000000d5580000,0x00000000de400000)
  from space 9216K, 96% used [0x00000000e0280000,0x00000000e0b27d58,0x00000000e0b80000)
  to   space 14336K, 0% used [0x00000000def80000,0x00000000def80000,0x00000000dfd80000)
 ParOldGen       total 58880K, used 18848K [0x0000000080000000, 0x0000000083980000, 0x00000000d5580000)
  object space 58880K, 32% used [0x0000000080000000,0x00000000812681c0,0x0000000083980000)
 Metaspace       used 40665K, capacity 42684K, committed 42920K, reserved 1087488K
  class space    used 5407K, capacity 5769K, committed 5808K, reserved 1048576K
}

Deoptimization events (10 events):
Event: 5.039 Thread 0x00000000033e4000 Uncommon trap: reason=unstable_if action=reinterpret pc=0x00000000036fb284 method=java.lang.AbstractStringBuilder.append(Ljava/lang/String;)Ljava/lang/AbstractStringBuilder; @ 1
Event: 5.049 Thread 0x0000000018112800 Uncommon trap: reason=unstable_if action=reinterpret pc=0x000000000430125c method=java.lang.CharacterDataLatin1.digit(II)I @ 82
Event: 5.243 Thread 0x00000000033e4000 Uncommon trap: reason=unstable_if action=reinterpret pc=0x0000000003997518 method=org.springframework.util.ConcurrentReferenceHashMap$Segment.restructureIfNecessary(Z)V @ 33
Event: 5.282 Thread 0x00000000033e4000 Uncommon trap: reason=class_check action=maybe_recompile pc=0x0000000004236b9c method=org.springframework.core.annotation.AnnotationUtils.hasPlainJavaAnnotationsOnly(Ljava/lang/Object;)Z @ 16
Event: 5.283 Thread 0x00000000033e4000 Uncommon trap: reason=class_check action=maybe_recompile pc=0x0000000004236b9c method=org.springframework.core.annotation.AnnotationUtils.hasPlainJavaAnnotationsOnly(Ljava/lang/Object;)Z @ 16
Event: 5.283 Thread 0x00000000033e4000 Uncommon trap: reason=class_check action=maybe_recompile pc=0x0000000004236b9c method=org.springframework.core.annotation.AnnotationUtils.hasPlainJavaAnnotationsOnly(Ljava/lang/Object;)Z @ 16
Event: 5.283 Thread 0x00000000033e4000 Uncommon trap: reason=class_check action=maybe_recompile pc=0x0000000004236b9c method=org.springframework.core.annotation.AnnotationUtils.hasPlainJavaAnnotationsOnly(Ljava/lang/Object;)Z @ 16
Event: 5.329 Thread 0x00000000033e4000 Uncommon trap: reason=unstable_if action=reinterpret pc=0x00000000040aaaa0 method=java.lang.Class$MethodArray.addIfNotPresent(Ljava/lang/reflect/Method;)V @ 19
Event: 5.350 Thread 0x00000000033e4000 Uncommon trap: reason=unstable_if action=reinterpret pc=0x0000000003f9d314 method=org.springframework.util.ConcurrentReferenceHashMap$Segment.clear()V @ 4
Event: 5.665 Thread 0x00000000033e4000 Uncommon trap: reason=unstable_if action=reinterpret pc=0x0000000003ac3e9c method=java.util.LinkedHashMap.afterNodeInsertion(Z)V @ 18

Internal exceptions (10 events):
Event: 5.890 Thread 0x00000000033e4000 Exception <a 'java/lang/ClassNotFoundException': javax/servlet/FilterCustomizer> (0x00000000d8d9eb90) thrown at [C:\re\workspace\8-2-build-windows-amd64-cygwin\jdk8u121\8372\hotspot\src\share\vm\classfile\systemDictionary.cpp, line 210]
Event: 5.890 Thread 0x00000000033e4000 Exception <a 'java/lang/ClassNotFoundException': org/springframework/beans/factory/BeanNameAwareCustomizer> (0x00000000d8dbad20) thrown at [C:\re\workspace\8-2-build-windows-amd64-cygwin\jdk8u121\8372\hotspot\src\share\vm\classfile\systemDictionary.cpp, l
Event: 5.891 Thread 0x00000000033e4000 Exception <a 'java/lang/ClassNotFoundException': org/springframework/beans/factory/AwareCustomizer> (0x00000000d8dd49a0) thrown at [C:\re\workspace\8-2-build-windows-amd64-cygwin\jdk8u121\8372\hotspot\src\share\vm\classfile\systemDictionary.cpp, line 210]
Event: 5.891 Thread 0x00000000033e4000 Exception <a 'java/lang/ClassNotFoundException': org/springframework/context/EnvironmentAwareCustomizer> (0x00000000d8deeac0) thrown at [C:\re\workspace\8-2-build-windows-amd64-cygwin\jdk8u121\8372\hotspot\src\share\vm\classfile\systemDictionary.cpp, line
Event: 5.891 Thread 0x00000000033e4000 Exception <a 'java/lang/ClassNotFoundException': org/springframework/beans/factory/AwareCustomizer> (0x00000000d8e08710) thrown at [C:\re\workspace\8-2-build-windows-amd64-cygwin\jdk8u121\8372\hotspot\src\share\vm\classfile\systemDictionary.cpp, line 210]
Event: 5.892 Thread 0x00000000033e4000 Exception <a 'java/lang/ClassNotFoundException': org/springframework/core/env/EnvironmentCapableCustomizer> (0x00000000d8e23398) thrown at [C:\re\workspace\8-2-build-windows-amd64-cygwin\jdk8u121\8372\hotspot\src\share\vm\classfile\systemDictionary.cpp, l
Event: 5.893 Thread 0x00000000033e4000 Exception <a 'java/lang/ClassNotFoundException': org/springframework/web/context/ServletContextAwareCustomizer> (0x00000000d8e40770) thrown at [C:\re\workspace\8-2-build-windows-amd64-cygwin\jdk8u121\8372\hotspot\src\share\vm\classfile\systemDictionary.cp
Event: 5.893 Thread 0x00000000033e4000 Exception <a 'java/lang/ClassNotFoundException': org/springframework/beans/factory/AwareCustomizer> (0x00000000d8e5a540) thrown at [C:\re\workspace\8-2-build-windows-amd64-cygwin\jdk8u121\8372\hotspot\src\share\vm\classfile\systemDictionary.cpp, line 210]
Event: 5.894 Thread 0x00000000033e4000 Exception <a 'java/lang/ClassNotFoundException': org/springframework/beans/factory/InitializingBeanCustomizer> (0x00000000d8e76120) thrown at [C:\re\workspace\8-2-build-windows-amd64-cygwin\jdk8u121\8372\hotspot\src\share\vm\classfile\systemDictionary.cpp
Event: 5.894 Thread 0x00000000033e4000 Exception <a 'java/lang/ClassNotFoundException': org/springframework/beans/factory/DisposableBeanCustomizer> (0x00000000d8e91698) thrown at [C:\re\workspace\8-2-build-windows-amd64-cygwin\jdk8u121\8372\hotspot\src\share\vm\classfile\systemDictionary.cpp, 

Events (10 events):
Event: 5.903 loading class org/apache/tomcat/util/descriptor/web/Constants
Event: 5.903 loading class org/apache/tomcat/util/descriptor/web/Constants done
Event: 5.904 loading class org/apache/tomcat/util/descriptor/web/LocalStrings
Event: 5.904 loading class org/apache/tomcat/util/descriptor/web/LocalStrings done
Event: 5.905 loading class org/apache/tomcat/util/descriptor/web/LocalStrings_en
Event: 5.905 loading class org/apache/tomcat/util/descriptor/web/LocalStrings_en done
Event: 5.905 loading class org/apache/tomcat/util/descriptor/web/LocalStrings_en_IN
Event: 5.905 loading class org/apache/tomcat/util/descriptor/web/LocalStrings_en_IN done
Event: 5.906 loading class org/apache/catalina/core/ApplicationFilterRegistration
Event: 5.906 loading class org/apache/catalina/core/ApplicationFilterRegistration done


Dynamic libraries:
0x00007ff77e140000 - 0x00007ff77e177000 	C:\Program Files\Java\jre1.8.0_121\bin\javaw.exe
0x00007ffa36530000 - 0x00007ffa36711000 	C:\WINDOWS\SYSTEM32\ntdll.dll
0x00007ffa347d0000 - 0x00007ffa34882000 	C:\WINDOWS\System32\KERNEL32.DLL
0x00007ffa334b0000 - 0x00007ffa33723000 	C:\WINDOWS\System32\KERNELBASE.dll
0x00007ffa344e0000 - 0x00007ffa34581000 	C:\WINDOWS\System32\ADVAPI32.dll
0x00007ffa339f0000 - 0x00007ffa33a8e000 	C:\WINDOWS\System32\msvcrt.dll
0x00007ffa34590000 - 0x00007ffa345eb000 	C:\WINDOWS\System32\sechost.dll
0x00007ffa33a90000 - 0x00007ffa33bb4000 	C:\WINDOWS\System32\RPCRT4.dll
0x00007ffa33e30000 - 0x00007ffa33fc0000 	C:\WINDOWS\System32\USER32.dll
0x00007ffa33730000 - 0x00007ffa33750000 	C:\WINDOWS\System32\win32u.dll
0x00007ffa339c0000 - 0x00007ffa339e8000 	C:\WINDOWS\System32\GDI32.dll
0x00007ffa33210000 - 0x00007ffa333a2000 	C:\WINDOWS\System32\gdi32full.dll
0x00007ffa330c0000 - 0x00007ffa3315f000 	C:\WINDOWS\System32\msvcp_win.dll
0x00007ffa333b0000 - 0x00007ffa334aa000 	C:\WINDOWS\System32\ucrtbase.dll
0x00007ffa30ad0000 - 0x00007ffa30d39000 	C:\WINDOWS\WinSxS\amd64_microsoft.windows.common-controls_6595b64144ccf1df_6.0.17134.112_none_fb3f961b30681c12\COMCTL32.dll
0x00007ffa35fc0000 - 0x00007ffa362e3000 	C:\WINDOWS\System32\combase.dll
0x00007ffa33750000 - 0x00007ffa337ca000 	C:\WINDOWS\System32\bcryptPrimitives.dll
0x00007ffa34890000 - 0x00007ffa348bd000 	C:\WINDOWS\System32\IMM32.DLL
0x00007ffa326e0000 - 0x00007ffa3273d000 	C:\Program Files\Citrix\System32\MfApHook64.dll
0x00007ffa32030000 - 0x00007ffa3205b000 	C:\Program Files\Citrix\ICAService\CtxDodHook64.dll
0x00007ffa32600000 - 0x00007ffa32632000 	C:\Program Files\Citrix\ICAService\picaFullScreenHookX64.dll
0x00007ffa31fe0000 - 0x00007ffa3202e000 	C:\Program Files\Citrix\ICAService\ShellHook64.dll
0x00007ffa34930000 - 0x00007ffa35d70000 	C:\WINDOWS\System32\SHELL32.dll
0x00007ffa32900000 - 0x00007ffa32949000 	C:\WINDOWS\System32\cfgmgr32.dll
0x00007ffa35f10000 - 0x00007ffa35fb9000 	C:\WINDOWS\System32\shcore.dll
0x00007ffa329b0000 - 0x00007ffa330bd000 	C:\WINDOWS\System32\windows.storage.dll
0x00007ffa362f0000 - 0x00007ffa36341000 	C:\WINDOWS\System32\shlwapi.dll
0x00007ffa32870000 - 0x00007ffa32881000 	C:\WINDOWS\System32\kernel.appcore.dll
0x00007ffa32850000 - 0x00007ffa3286f000 	C:\WINDOWS\System32\profapi.dll
0x00007ffa32890000 - 0x00007ffa328dc000 	C:\WINDOWS\System32\powrprof.dll
0x00007ffa32840000 - 0x00007ffa3284a000 	C:\WINDOWS\System32\FLTLIB.DLL
0x00007ffa31e40000 - 0x00007ffa31fbc000 	C:\Program Files\Citrix\ICAService\SCardHook64.dll
0x00007ffa31da0000 - 0x00007ffa31dca000 	C:\Program Files\Citrix\ICAService\cxinjime64.dll
0x00007ffa31c90000 - 0x00007ffa31cd8000 	C:\Program Files\Citrix\ICAService\PicaWtsHook64.dll
0x0000000051e90000 - 0x0000000051f62000 	C:\Program Files\Java\jre1.8.0_121\bin\msvcr100.dll
0x00000000522c0000 - 0x0000000052b5b000 	C:\Program Files\Java\jre1.8.0_121\bin\server\jvm.dll
0x00007ffa33cb0000 - 0x00007ffa33cb8000 	C:\WINDOWS\System32\PSAPI.DLL
0x00007ffa2c7c0000 - 0x00007ffa2c7e3000 	C:\WINDOWS\SYSTEM32\WINMM.dll
0x00007ffa324f0000 - 0x00007ffa324fa000 	C:\WINDOWS\SYSTEM32\VERSION.dll
0x00007ffa2c790000 - 0x00007ffa2c7ba000 	C:\WINDOWS\SYSTEM32\WINMMBASE.dll
0x00007ffa22950000 - 0x00007ffa22959000 	C:\WINDOWS\SYSTEM32\WSOCK32.dll
0x00007ffa348c0000 - 0x00007ffa3492c000 	C:\WINDOWS\System32\WS2_32.dll
0x0000000053190000 - 0x000000005319f000 	C:\Program Files\Java\jre1.8.0_121\bin\verify.dll
0x0000000053160000 - 0x0000000053189000 	C:\Program Files\Java\jre1.8.0_121\bin\java.dll
0x0000000053140000 - 0x0000000053156000 	C:\Program Files\Java\jre1.8.0_121\bin\zip.dll
0x0000000053120000 - 0x000000005313a000 	C:\Program Files\Java\jre1.8.0_121\bin\net.dll
0x00007ffa31530000 - 0x00007ffa31596000 	C:\WINDOWS\system32\mswsock.dll
0x0000000053100000 - 0x0000000053111000 	C:\Program Files\Java\jre1.8.0_121\bin\nio.dll
0x0000000052030000 - 0x000000005203d000 	C:\Program Files\Java\jre1.8.0_121\bin\management.dll
0x00007ffa27340000 - 0x00007ffa27356000 	C:\WINDOWS\system32\napinsp.dll
0x00007ffa27320000 - 0x00007ffa2733a000 	C:\WINDOWS\system32\pnrpnsp.dll
0x00007ffa2e070000 - 0x00007ffa2e089000 	C:\WINDOWS\system32\NLAapi.dll
0x00007ffa312f0000 - 0x00007ffa313ae000 	C:\WINDOWS\SYSTEM32\DNSAPI.dll
0x00007ffa33bc0000 - 0x00007ffa33bc8000 	C:\WINDOWS\System32\NSI.dll
0x00007ffa312b0000 - 0x00007ffa312e8000 	C:\WINDOWS\SYSTEM32\IPHLPAPI.DLL
0x00007ffa27360000 - 0x00007ffa2736e000 	C:\WINDOWS\System32\winrnr.dll
0x00007ffa2e2a0000 - 0x00007ffa2e2aa000 	C:\Windows\System32\rasadhlp.dll
0x00007ffa2cbc0000 - 0x00007ffa2cc32000 	C:\WINDOWS\System32\fwpuclnt.dll
0x00007ffa32060000 - 0x00007ffa32085000 	C:\WINDOWS\SYSTEM32\bcrypt.dll
0x00007ffa316e0000 - 0x00007ffa316f7000 	C:\WINDOWS\SYSTEM32\CRYPTSP.dll
0x00007ffa31110000 - 0x00007ffa31143000 	C:\WINDOWS\system32\rsaenh.dll
0x00007ffa32740000 - 0x00007ffa32768000 	C:\WINDOWS\SYSTEM32\USERENV.dll
0x00007ffa31700000 - 0x00007ffa3170b000 	C:\WINDOWS\SYSTEM32\CRYPTBASE.dll
0x00007ffa2c770000 - 0x00007ffa2c786000 	C:\WINDOWS\SYSTEM32\dhcpcsvc6.DLL
0x00007ffa2c750000 - 0x00007ffa2c76a000 	C:\WINDOWS\SYSTEM32\dhcpcsvc.DLL
0x00000000530d0000 - 0x00000000530f4000 	C:\Program Files\Java\jre1.8.0_121\bin\sunec.dll

VM Arguments:
jvm_args: -ea -Dfile.encoding=UTF-8 
java_command: org.eclipse.jdt.internal.junit.runner.RemoteTestRunner -version 3 -port 55505 -testLoaderClass org.eclipse.jdt.internal.junit4.runner.JUnit4TestLoader -loaderpluginname org.eclipse.jdt.junit4.runtime -classNames com.cg.bookmymovie.screeningservice.testRestController.RestControllerTest
java_class_path (initial): C:\Users\sbhatt1\Desktop\Project\screening-service\target\test-classes;C:\Users\sbhatt1\Desktop\Project\screening-service\target\classes;C:\Users\sbhatt1\.m2\repository\org\springframework\boot\spring-boot-starter-actuator\2.1.2.RELEASE\spring-boot-starter-actuator-2.1.2.RELEASE.jar;C:\Users\sbhatt1\.m2\repository\org\springframework\boot\spring-boot-starter\2.1.2.RELEASE\spring-boot-starter-2.1.2.RELEASE.jar;C:\Users\sbhatt1\.m2\repository\org\springframework\boot\spring-boot\2.1.2.RELEASE\spring-boot-2.1.2.RELEASE.jar;C:\Users\sbhatt1\.m2\repository\org\springframework\boot\spring-boot-autoconfigure\2.1.2.RELEASE\spring-boot-autoconfigure-2.1.2.RELEASE.jar;C:\Users\sbhatt1\.m2\repository\org\springframework\boot\spring-boot-starter-logging\2.1.2.RELEASE\spring-boot-starter-logging-2.1.2.RELEASE.jar;C:\Users\sbhatt1\.m2\repository\ch\qos\logback\logback-classic\1.2.3\logback-classic-1.2.3.jar;C:\Users\sbhatt1\.m2\repository\ch\qos\logback\logback-core\1.2.3\logback-core-1.2.3.jar;C:\Users\sbhatt1\.m2\repository\org\apache\logging\log4j\log4j-to-slf4j\2.11.1\log4j-to-slf4j-2.11.1.jar;C:\Users\sbhatt1\.m2\repository\org\apache\logging\log4j\log4j-api\2.11.1\log4j-api-2.11.1.jar;C:\Users\sbhatt1\.m2\repository\org\slf4j\jul-to-slf4j\1.7.25\jul-to-slf4j-1.7.25.jar;C:\Users\sbhatt1\.m2\repository\javax\annotation\javax.annotation-api\1.3.2\javax.annotation-api-1.3.2.jar;C:\Users\sbhatt1\.m2\repository\org\yaml\snakeyaml\1.23\snakeyaml-1.23.jar;C:\Users\sbhatt1\.m2\repository\org\springframework\boot\spring-boot-actuator-autoconfigure\2.1.2.RELEASE\spring-boot-actuator-autoconfigure-2.1.2.RELEASE.jar;C:\Users\sbhatt1\.m2\repository\org\springframework\boot\spring-boot-actuator\2.1.2.RELEASE\spring-boot-actuator-2.1.2.RELEASE.jar;C:\Users\sbhatt1\.m2\repository\com\fasterxml\jackson\core\jackson-databind\2.9.8\jackson-databind-2.9.8.jar;C:\Users\sbhatt1\.m2\repository\com\fasterxml\jackson\core\jackson-annotations\2.9.0\jackson-annotations-2.9
Launcher Type: SUN_STANDARD

Environment Variables:
PATH=C:/Program Files/Java/jre1.8.0_121/bin/server;C:/Program Files/Java/jre1.8.0_121/bin;C:/Program Files/Java/jre1.8.0_121/lib/amd64;C:\Python34\;C:\Python34\Scripts;C:\oraclexe\app\oracle\product\11.2.0\server\bin;C:\ProgramData\Oracle\Java\javapath;C:\WINDOWS\system32;C:\WINDOWS;C:\WINDOWS\System32\Wbem;C:\WINDOWS\System32\WindowsPowerShell\v1.0\;C:\Program Files\TortoiseSVN\bin;C:\Program Files\nodejs\;C:\Program Files\Git\cmd;C:\Program Files (x86)\Microsoft SQL Server\110\Tools\Binn\ManagementStudio\;C:\Program Files (x86)\Microsoft SQL Server\110\Tools\Binn\;C:\Program Files (x86)\Microsoft SQL Server\110\DTS\Binn\;C:\Program Files\Citrix\System32\;C:\Program Files\Citrix\ICAService\;C:\WINDOWS\System32\OpenSSH\;C:\Users\sbhatt1\AppData\Local\Microsoft\WindowsApps;;C:\SOFTWARES\sts-bundle\sts-3.9.7.RELEASE;
USERNAME=sbhatt1
OS=Windows_NT
PROCESSOR_IDENTIFIER=Intel64 Family 15 Model 6 Stepping 1, GenuineIntel



---------------  S Y S T E M  ---------------

OS: Windows 10.0 , 64 bit Build 17134 (10.0.17134.1)

CPU:total 4 (2 cores per cpu, 1 threads per core) family 15 model 6 stepping 1, cmov, cx8, fxsr, mmx, sse, sse2, sse3, ssse3, sse4.1, sse4.2, popcnt, avx, avx2, aes, clmul, erms, rtm, 3dnowpref, lzcnt, tsc, bmi1, bmi2, adx

Memory: 4k page, physical 8388056k(1190960k free), swap 18697820k(4124k free)

vm_info: Java HotSpot(TM) 64-Bit Server VM (25.121-b13) for windows-amd64 JRE (1.8.0_121-b13), built on Dec 12 2016 18:21:36 by "java_re" with MS VC++ 10.0 (VS2010)

time: Tue Feb 05 10:59:47 2019
elapsed time: 5 seconds (0d 0h 0m 5s)

